2024-08-30T05:47:17.443Z info: Bot started and scheduled to check news every minute
2024-08-30T05:47:17.452Z info: Starting news check
2024-08-30T05:47:24.082Z info: Browser initialized successfully
2024-08-30T05:47:24.084Z info: Fetching page 1...
2024-08-30T05:47:34.704Z info: Found 20 news items on page 1
2024-08-30T05:47:35.766Z info: Browser closed
2024-08-30T05:47:37.044Z info: Sent message: 29.08.2024 19:30: Выступление Директора Департамента экономического сотрудничества МИД России Д.А.Биричевского на сессии «Большое Евразийское партнерство и БРИКС+: стратегическое взаимодействие и перспективы сотрудничества» в рамках VI Международного муниципального форума стран БРИКС, Москва, 28 августа 2024 года
https://mid.ru/ru/foreign_policy/news/1967101/
2024-08-30T05:47:37.213Z info: Sent message: 29.08.2024 18:14: О встрече заместителя Министра иностранных дел России С.А.Рябкова с Послом Египта в Москве Н.Нагари
https://mid.ru/ru/foreign_policy/news/1967088/
2024-08-30T05:47:37.330Z info: Sent message: 29.08.2024 18:05: О переговорах Министра иностранных дел Российской Федерации С.В.Лаврова с Министром африканской интеграции и иностранных дел Республики Сенегал Я.Фалл
https://mid.ru/ru/foreign_policy/news/1967083/
2024-08-30T05:47:37.475Z info: Sent message: 29.08.2024 17:50: Выступление и ответы на вопросы СМИ Министра иностранных дел Российской Федерации С.В.Лаврова по итогам переговоров с Министром африканской интеграции и иностранных дел Республики Сенегал Я.Фалл, Москва, 29 августа 2024 года
https://mid.ru/ru/foreign_policy/news/1967072/
2024-08-30T05:47:37.569Z info: Sent message: 29.08.2024 14:28: О вручении верительных грамот Послом Королевства Бельгия в Российской Федерации М.Р.Жеребцофф
https://mid.ru/ru/foreign_policy/news/1967020/
2024-08-30T05:47:37.667Z info: Sent message: 29.08.2024 13:55: Ответ официального представителя МИД России М.В.Захаровой на вопрос МИА «Россия сегодня» относительно мирных инициатив по Украине
https://mid.ru/ru/foreign_policy/news/1967007/
2024-08-30T05:47:37.780Z info: Sent message: 29.08.2024 12:55: Вступительное слово Министра иностранных дел Российской Федерации С.В.Лаврова в ходе переговоров с Министром африканской интеграции и иностранных дел Республики Сенегал Я.Фалл, Москва, 29 августа 2024 года
https://mid.ru/ru/foreign_policy/news/1966996/
2024-08-30T05:47:37.862Z info: Sent message: 29.08.2024 11:01: Комментарий официального представителя МИД России М.В.Захаровой в связи с очередными американскими инсинуациями по поводу иранской ядерной программы
https://mid.ru/ru/foreign_policy/news/1966982/
2024-08-30T05:47:37.962Z info: Sent message: 28.08.2024 19:40: Брифинг официального представителя МИД России М.В.Захаровой, Москва, 28 августа 2024 года
https://mid.ru/ru/foreign_policy/news/1966922/
2024-08-30T05:47:38.046Z info: Sent message: 28.08.2024 19:36: Приветствие Министра иностранных дел Российской Федерации С.В.Лаврова организаторам и участникам XI Международного аэрокосмического конгресса
https://mid.ru/ru/foreign_policy/news/1966917/
2024-08-30T05:47:38.170Z info: Sent message: 28.08.2024 19:00: Заявление МИД России в связи с введением персональных санкций против ряда граждан США
https://mid.ru/ru/foreign_policy/news/1966912/
2024-08-30T05:47:38.265Z info: Sent message: 28.08.2024 09:49: Ответ официального представителя МИД России М.В.Захаровой на вопрос МИА «Россия сегодня» относительно развертывания американских войск на Ближнем Востоке
https://mid.ru/ru/foreign_policy/news/1966809/
2024-08-30T05:47:38.384Z info: Sent message: 28.08.2024 09:40: Видеообращение Министра иностранных дел Российской Федерации С.В.Лаврова к участникам Шестого Форума молодых дипломатов в формате «БРИКС плюс», 28 августа 2024 года
https://mid.ru/ru/foreign_policy/news/1966801/
2024-08-30T05:47:38.484Z info: Sent message: 27.08.2024 18:15: О переговорах Министра иностранных дел Российской Федерации С.В.Лаврова с Министром иностранных дел и по делам экспатриантов Йеменской Республики Ш.Аз-Зиндани
https://mid.ru/ru/foreign_policy/news/1966781/
2024-08-30T05:47:38.598Z info: Sent message: 27.08.2024 18:00: Выступление и ответы на вопросы СМИ Министра иностранных дел Российской Федерации С.В.Лаврова по итогам переговоров с Министром иностранных дел и по делам экспатриантов Йеменской Республики Ш.Аз-Зиндани, Москва, 27 августа 2024 года
https://mid.ru/ru/foreign_policy/news/1966772/
2024-08-30T05:47:38.722Z info: Sent message: 27.08.2024 15:18: О встрече заместителя Министра иностранных дел Российской Федерации С.А.Рябкова с заместителем Генерального директора – руководителем Департамента гарантий Секретариата МАГАТЭ М.Апаро
https://mid.ru/ru/foreign_policy/news/1966754/
2024-08-30T05:47:38.835Z info: Sent message: 27.08.2024 13:15: Вступительное слово Министра иностранных дел Российской Федерации С.В.Лаврова в ходе переговоров с Министром иностранных дел и по делам экспатриантов Йеменской Республики Ш.Аз-Зиндани, Москва, 27 августа 2024 года
https://mid.ru/ru/foreign_policy/news/1966733/
2024-08-30T05:47:38.980Z info: Sent message: 27.08.2024 12:40: Видеообращение Министра иностранных дел Российской Федерации С.В.Лаврова к организаторам и участникам VI Международного муниципального форума стран БРИКС, 27 августа 2024 года
https://mid.ru/ru/foreign_policy/news/1966726/
2024-08-30T05:47:39.111Z info: Sent message: 26.08.2024 20:29: Комментарий официального представителя МИД России М.В.Захаровой в связи с обострением обстановки на Ближнем Востоке
https://mid.ru/ru/foreign_policy/news/1966655/
2024-08-30T05:47:39.229Z info: Sent message: 26.08.2024 19:42: О встрече заместителя Министра иностранных дел России А.Ю.Руденко с заместителем Министра иностранных дел Ирака М.Бахрульулюмом
https://mid.ru/ru/foreign_policy/news/1966650/
2024-08-30T05:47:39.231Z info: Sent 20 new item(s)
2024-08-30T05:47:39.231Z info: Total stored news items: 20
2024-08-30T05:47:39.232Z info: Finished news check
2024-08-30T05:48:00.745Z info: Starting news check
2024-08-30T05:48:02.884Z info: Browser initialized successfully
2024-08-30T05:48:02.887Z info: Fetching page 1...
2024-08-30T05:48:12.310Z info: Found 20 news items on page 1
2024-08-30T05:48:13.142Z info: Browser closed
2024-08-30T05:48:13.144Z info: All news are up-to-date. No new items to send.
2024-08-30T05:48:13.145Z info: Total stored news items: 20
2024-08-30T05:48:13.146Z info: Finished news check
2024-08-30T18:31:56.104Z info: Bot started and scheduled to check news * * * * *
2024-08-30T18:31:56.106Z info: Starting news check
2024-08-30T18:31:58.461Z info: Browser initialized successfully
2024-08-30T18:31:58.462Z info: Fetching page 1...
2024-08-30T18:32:00.356Z info: Starting news check
2024-08-30T18:32:00.358Z info: Starting news check
2024-08-30T18:32:01.930Z info: Browser initialized successfully
2024-08-30T18:32:01.930Z info: Fetching page 1...
2024-08-30T18:32:01.932Z info: Browser initialized successfully
2024-08-30T18:32:01.933Z info: Fetching page 1...
2024-08-30T18:32:09.188Z warn: Timeout waiting for .announce.announce_articles
2024-08-30T18:32:09.247Z info: Found 0 news items on page 1
2024-08-30T18:32:09.591Z info: Browser closed
2024-08-30T18:32:09.593Z info: All news are up-to-date. No new items to send.
2024-08-30T18:32:09.594Z info: Total stored news items: 0
2024-08-30T18:32:09.595Z info: Finished news check
2024-08-30T18:32:20.011Z info: Found 20 news items on page 1
2024-08-30T18:32:20.264Z info: Bot is shutting down
2024-08-30T18:32:29.291Z info: Bot started and scheduled to check news * * * * *
2024-08-30T18:32:29.294Z info: Starting news check
2024-08-30T18:32:30.095Z info: Browser initialized successfully
2024-08-30T18:32:30.097Z info: Fetching page 1...
2024-08-30T18:32:35.453Z info: Found 20 news items on page 1
2024-08-30T18:32:35.722Z info: Browser closed
2024-08-30T18:32:36.011Z info: Sent message: 30.08.2024 18:29: О визите в Дипломатическую академию МИД России Министра иностранных дел и по делам экспатриантов Йеменской Республики Ш.Аз-Зиндани
https://mid.ru/ru/foreign_policy/news/1967292/
2024-08-30T18:32:36.146Z info: Sent message: 30.08.2024 15:37: О продлении мандата Временных сил ООН в Ливане (BCOOHЛ)
https://mid.ru/ru/foreign_policy/news/1967260/
2024-08-30T18:32:36.247Z info: Sent message: 30.08.2024 15:25: О приеме в МИД России Посла Киргизской Республики в Российской Федерации К.К.Боконтаева
https://mid.ru/ru/foreign_policy/news/1967242/
2024-08-30T18:32:36.323Z info: Sent message: 30.08.2024 12:27: О встрече заместителя Министра иностранных дел Российской Федерации А.Ю.Руденко с назначенным Послом Лаосской Народно-Демократической Республики в Российской Федерации С.Ойбуабудди
https://mid.ru/ru/foreign_policy/news/1967190/
2024-08-30T18:32:36.421Z info: Sent message: 30.08.2024 11:36: О брифинге официального представителя МИД России 4 сентября 2024 года
https://mid.ru/ru/foreign_policy/news/1967149/
2024-08-30T18:32:36.504Z info: Sent message: 30.08.2024 09:53: Ответ официального представителя МИД России М.В.Захаровой на вопрос СМИ в связи с провокационными высказываниями представителя Пентагона С.Сингх и координатора по стратегическим коммуникациям совета нацбезопасности США Дж.Кирби
https://mid.ru/ru/foreign_policy/news/1967117/
2024-08-30T18:32:36.592Z info: Sent message: 29.08.2024 19:30: Выступление Директора Департамента экономического сотрудничества МИД России Д.А.Биричевского на сессии «Большое Евразийское партнерство и БРИКС+: стратегическое взаимодействие и перспективы сотрудничества» в рамках VI Международного муниципального форума стран БРИКС, Москва, 28 августа 2024 года
https://mid.ru/ru/foreign_policy/news/1967101/
2024-08-30T18:32:36.717Z info: Sent message: 29.08.2024 18:14: О встрече заместителя Министра иностранных дел России С.А.Рябкова с Послом Египта в Москве Н.Нагари
https://mid.ru/ru/foreign_policy/news/1967088/
2024-08-30T18:32:36.819Z info: Sent message: 29.08.2024 18:05: О переговорах Министра иностранных дел Российской Федерации С.В.Лаврова с Министром африканской интеграции и иностранных дел Республики Сенегал Я.Фалл
https://mid.ru/ru/foreign_policy/news/1967083/
2024-08-30T18:32:36.925Z info: Sent message: 29.08.2024 17:50: Выступление и ответы на вопросы СМИ Министра иностранных дел Российской Федерации С.В.Лаврова по итогам переговоров с Министром африканской интеграции и иностранных дел Республики Сенегал Я.Фалл, Москва, 29 августа 2024 года
https://mid.ru/ru/foreign_policy/news/1967072/
2024-08-30T18:32:37.029Z info: Sent message: 29.08.2024 14:28: О вручении верительных грамот Послом Королевства Бельгия в Российской Федерации М.Р.Жеребцофф
https://mid.ru/ru/foreign_policy/news/1967020/
2024-08-30T18:32:37.160Z info: Sent message: 29.08.2024 13:55: Ответ официального представителя МИД России М.В.Захаровой на вопрос МИА «Россия сегодня» относительно мирных инициатив по Украине
https://mid.ru/ru/foreign_policy/news/1967007/
2024-08-30T18:32:37.389Z info: Sent message: 29.08.2024 12:55: Вступительное слово Министра иностранных дел Российской Федерации С.В.Лаврова в ходе переговоров с Министром африканской интеграции и иностранных дел Республики Сенегал Я.Фалл, Москва, 29 августа 2024 года
https://mid.ru/ru/foreign_policy/news/1966996/
2024-08-30T18:32:37.546Z info: Sent message: 29.08.2024 11:01: Комментарий официального представителя МИД России М.В.Захаровой в связи с очередными американскими инсинуациями по поводу иранской ядерной программы
https://mid.ru/ru/foreign_policy/news/1966982/
2024-08-30T18:32:37.680Z info: Sent message: 28.08.2024 19:40: Брифинг официального представителя МИД России М.В.Захаровой, Москва, 28 августа 2024 года
https://mid.ru/ru/foreign_policy/news/1966922/
2024-08-30T18:32:37.883Z info: Sent message: 28.08.2024 19:36: Приветствие Министра иностранных дел Российской Федерации С.В.Лаврова организаторам и участникам XI Международного аэрокосмического конгресса
https://mid.ru/ru/foreign_policy/news/1966917/
2024-08-30T18:32:38.068Z info: Sent message: 28.08.2024 19:00: Заявление МИД России в связи с введением персональных санкций против ряда граждан США
https://mid.ru/ru/foreign_policy/news/1966912/
2024-08-30T18:32:38.246Z info: Sent message: 28.08.2024 09:49: Ответ официального представителя МИД России М.В.Захаровой на вопрос МИА «Россия сегодня» относительно развертывания американских войск на Ближнем Востоке
https://mid.ru/ru/foreign_policy/news/1966809/
2024-08-30T18:32:38.462Z info: Sent message: 28.08.2024 09:40: Видеообращение Министра иностранных дел Российской Федерации С.В.Лаврова к участникам Шестого Форума молодых дипломатов в формате «БРИКС плюс», 28 августа 2024 года
https://mid.ru/ru/foreign_policy/news/1966801/
2024-08-30T18:32:38.644Z info: Sent message: 27.08.2024 18:15: О переговорах Министра иностранных дел Российской Федерации С.В.Лаврова с Министром иностранных дел и по делам экспатриантов Йеменской Республики Ш.Аз-Зиндани
https://mid.ru/ru/foreign_policy/news/1966781/
2024-08-30T18:32:38.645Z info: Sent 20 new item(s)
2024-08-30T18:32:38.646Z info: Total stored news items: 20
2024-08-30T18:32:38.646Z info: Finished news check
2024-08-30T18:33:00.613Z info: Starting news check
2024-08-30T18:33:00.615Z info: Starting news check
2024-08-30T18:33:02.081Z info: Browser initialized successfully
2024-08-30T18:33:02.081Z info: Fetching page 1...
2024-08-30T18:33:02.092Z info: Browser initialized successfully
2024-08-30T18:33:02.098Z info: Fetching page 1...
2024-08-30T18:33:12.712Z warn: Timeout waiting for .announce.announce_articles
2024-08-30T18:33:12.730Z info: Found 0 news items on page 1
2024-08-30T18:33:12.995Z info: Browser closed
2024-08-30T18:33:12.997Z info: All news are up-to-date. No new items to send.
2024-08-30T18:33:12.997Z info: Total stored news items: 0
2024-08-30T18:33:12.998Z info: Finished news check
2024-08-30T18:33:13.036Z warn: Timeout waiting for .announce.announce_articles
2024-08-30T18:33:13.047Z info: Found 0 news items on page 1
2024-08-30T18:33:13.291Z info: Browser closed
2024-08-30T18:33:13.292Z info: All news are up-to-date. No new items to send.
2024-08-30T18:33:13.293Z info: Total stored news items: 0
2024-08-30T18:33:13.293Z info: Finished news check
2024-08-30T18:34:00.262Z info: Starting news check
2024-08-30T18:34:00.264Z info: Starting news check
2024-08-30T18:34:01.535Z info: Browser initialized successfully
2024-08-30T18:34:01.535Z info: Fetching page 1...
2024-08-30T18:34:01.537Z info: Browser initialized successfully
2024-08-30T18:34:01.538Z info: Fetching page 1...
2024-08-30T18:34:12.108Z warn: Timeout waiting for .announce.announce_articles
2024-08-30T18:34:12.111Z info: Found 0 news items on page 1
2024-08-30T18:34:12.139Z warn: Timeout waiting for .announce.announce_articles
2024-08-30T18:34:12.196Z info: Found 0 news items on page 1
2024-08-30T18:34:12.444Z info: Browser closed
2024-08-30T18:34:12.444Z info: All news are up-to-date. No new items to send.
2024-08-30T18:34:12.445Z info: Total stored news items: 0
2024-08-30T18:34:12.445Z info: Finished news check
2024-08-30T18:34:12.476Z info: Browser closed
2024-08-30T18:34:12.477Z info: All news are up-to-date. No new items to send.
2024-08-30T18:34:12.477Z info: Total stored news items: 0
2024-08-30T18:34:12.478Z info: Finished news check
2024-08-30T18:35:00.916Z info: Starting news check
2024-08-30T18:35:00.918Z info: Starting news check
2024-08-30T18:35:02.138Z info: Browser initialized successfully
2024-08-30T18:35:02.139Z info: Fetching page 1...
2024-08-30T18:35:02.143Z info: Browser initialized successfully
2024-08-30T18:35:02.144Z info: Fetching page 1...
2024-08-30T18:35:12.881Z warn: Timeout waiting for .announce.announce_articles
2024-08-30T18:35:12.885Z info: Found 0 news items on page 1
2024-08-30T18:35:13.147Z warn: Timeout waiting for .announce.announce_articles
2024-08-30T18:35:13.151Z info: Found 0 news items on page 1
2024-08-30T18:35:13.333Z info: Browser closed
2024-08-30T18:35:13.336Z info: All news are up-to-date. No new items to send.
2024-08-30T18:35:13.337Z info: Total stored news items: 0
2024-08-30T18:35:13.337Z info: Finished news check
2024-08-30T18:35:13.512Z info: Browser closed
2024-08-30T18:35:13.512Z info: All news are up-to-date. No new items to send.
2024-08-30T18:35:13.513Z info: Total stored news items: 0
2024-08-30T18:35:13.513Z info: Finished news check
2024-08-30T18:36:00.565Z info: Starting news check
2024-08-30T18:36:00.566Z info: Starting news check
2024-08-30T18:36:02.023Z info: Browser initialized successfully
2024-08-30T18:36:02.023Z info: Fetching page 1...
2024-08-30T18:36:02.024Z info: Browser initialized successfully
2024-08-30T18:36:02.025Z info: Fetching page 1...
2024-08-30T18:36:12.434Z warn: Timeout waiting for .announce.announce_articles
2024-08-30T18:36:12.448Z info: Found 0 news items on page 1
2024-08-30T18:36:12.730Z info: Browser closed
2024-08-30T18:36:12.738Z info: All news are up-to-date. No new items to send.
2024-08-30T18:36:12.741Z info: Total stored news items: 0
2024-08-30T18:36:12.742Z info: Finished news check
2024-08-30T18:36:12.972Z warn: Timeout waiting for .announce.announce_articles
2024-08-30T18:36:12.976Z info: Found 0 news items on page 1
2024-08-30T18:36:13.240Z info: Browser closed
2024-08-30T18:36:13.241Z info: All news are up-to-date. No new items to send.
2024-08-30T18:36:13.242Z info: Total stored news items: 0
2024-08-30T18:36:13.242Z info: Finished news check
2024-08-30T18:37:00.214Z info: Starting news check
2024-08-30T18:37:00.216Z info: Starting news check
2024-08-30T18:37:01.674Z info: Browser initialized successfully
2024-08-30T18:37:01.675Z info: Fetching page 1...
2024-08-30T18:37:01.680Z info: Browser initialized successfully
2024-08-30T18:37:01.681Z info: Fetching page 1...
2024-08-30T18:37:02.315Z info: Bot is shutting down
2024-08-30T18:43:14.666Z info: Bot scheduled to check news * * * * *
2024-08-30T18:43:14.668Z info: Starting news check
2024-08-30T18:43:15.501Z info: Browser initialized successfully
2024-08-30T18:43:15.516Z info: Fetching page 1...
2024-08-30T18:43:21.069Z info: Found 20 news items on page 1
2024-08-30T18:43:21.366Z info: Browser closed
2024-08-30T18:43:21.693Z info: Sent message: 30.08.2024 18:29: О визите в Дипломатическую академию МИД России Министра иностранных дел и по делам экспатриантов Йеменской Республики Ш.Аз-Зиндани
https://mid.ru/ru/foreign_policy/news/1967292/
2024-08-30T18:43:21.827Z info: Sent message: 30.08.2024 15:37: О продлении мандата Временных сил ООН в Ливане (BCOOHЛ)
https://mid.ru/ru/foreign_policy/news/1967260/
2024-08-30T18:43:21.984Z info: Sent message: 30.08.2024 15:25: О приеме в МИД России Посла Киргизской Республики в Российской Федерации К.К.Боконтаева
https://mid.ru/ru/foreign_policy/news/1967242/
2024-08-30T18:43:22.155Z info: Sent message: 30.08.2024 12:27: О встрече заместителя Министра иностранных дел Российской Федерации А.Ю.Руденко с назначенным Послом Лаосской Народно-Демократической Республики в Российской Федерации С.Ойбуабудди
https://mid.ru/ru/foreign_policy/news/1967190/
2024-08-30T18:43:22.319Z info: Sent message: 30.08.2024 11:36: О брифинге официального представителя МИД России 4 сентября 2024 года
https://mid.ru/ru/foreign_policy/news/1967149/
2024-08-30T18:43:22.486Z info: Sent message: 30.08.2024 09:53: Ответ официального представителя МИД России М.В.Захаровой на вопрос СМИ в связи с провокационными высказываниями представителя Пентагона С.Сингх и координатора по стратегическим коммуникациям совета нацбезопасности США Дж.Кирби
https://mid.ru/ru/foreign_policy/news/1967117/
2024-08-30T18:43:22.644Z info: Sent message: 29.08.2024 19:30: Выступление Директора Департамента экономического сотрудничества МИД России Д.А.Биричевского на сессии «Большое Евразийское партнерство и БРИКС+: стратегическое взаимодействие и перспективы сотрудничества» в рамках VI Международного муниципального форума стран БРИКС, Москва, 28 августа 2024 года
https://mid.ru/ru/foreign_policy/news/1967101/
2024-08-30T18:43:22.798Z info: Sent message: 29.08.2024 18:14: О встрече заместителя Министра иностранных дел России С.А.Рябкова с Послом Египта в Москве Н.Нагари
https://mid.ru/ru/foreign_policy/news/1967088/
2024-08-30T18:43:22.970Z info: Sent message: 29.08.2024 18:05: О переговорах Министра иностранных дел Российской Федерации С.В.Лаврова с Министром африканской интеграции и иностранных дел Республики Сенегал Я.Фалл
https://mid.ru/ru/foreign_policy/news/1967083/
2024-08-30T18:43:23.134Z info: Sent message: 29.08.2024 17:50: Выступление и ответы на вопросы СМИ Министра иностранных дел Российской Федерации С.В.Лаврова по итогам переговоров с Министром африканской интеграции и иностранных дел Республики Сенегал Я.Фалл, Москва, 29 августа 2024 года
https://mid.ru/ru/foreign_policy/news/1967072/
2024-08-30T18:43:23.302Z info: Sent message: 29.08.2024 14:28: О вручении верительных грамот Послом Королевства Бельгия в Российской Федерации М.Р.Жеребцофф
https://mid.ru/ru/foreign_policy/news/1967020/
2024-08-30T18:43:23.449Z info: Sent message: 29.08.2024 13:55: Ответ официального представителя МИД России М.В.Захаровой на вопрос МИА «Россия сегодня» относительно мирных инициатив по Украине
https://mid.ru/ru/foreign_policy/news/1967007/
2024-08-30T18:43:23.575Z info: Sent message: 29.08.2024 12:55: Вступительное слово Министра иностранных дел Российской Федерации С.В.Лаврова в ходе переговоров с Министром африканской интеграции и иностранных дел Республики Сенегал Я.Фалл, Москва, 29 августа 2024 года
https://mid.ru/ru/foreign_policy/news/1966996/
2024-08-30T18:43:23.672Z info: Sent message: 29.08.2024 11:01: Комментарий официального представителя МИД России М.В.Захаровой в связи с очередными американскими инсинуациями по поводу иранской ядерной программы
https://mid.ru/ru/foreign_policy/news/1966982/
2024-08-30T18:43:23.810Z info: Sent message: 28.08.2024 19:40: Брифинг официального представителя МИД России М.В.Захаровой, Москва, 28 августа 2024 года
https://mid.ru/ru/foreign_policy/news/1966922/
2024-08-30T18:43:23.918Z info: Sent message: 28.08.2024 19:36: Приветствие Министра иностранных дел Российской Федерации С.В.Лаврова организаторам и участникам XI Международного аэрокосмического конгресса
https://mid.ru/ru/foreign_policy/news/1966917/
2024-08-30T18:43:24.019Z info: Sent message: 28.08.2024 19:00: Заявление МИД России в связи с введением персональных санкций против ряда граждан США
https://mid.ru/ru/foreign_policy/news/1966912/
2024-08-30T18:43:24.166Z info: Sent message: 28.08.2024 09:49: Ответ официального представителя МИД России М.В.Захаровой на вопрос МИА «Россия сегодня» относительно развертывания американских войск на Ближнем Востоке
https://mid.ru/ru/foreign_policy/news/1966809/
2024-08-30T18:43:24.299Z info: Sent message: 28.08.2024 09:40: Видеообращение Министра иностранных дел Российской Федерации С.В.Лаврова к участникам Шестого Форума молодых дипломатов в формате «БРИКС плюс», 28 августа 2024 года
https://mid.ru/ru/foreign_policy/news/1966801/
2024-08-30T18:43:24.402Z info: Sent message: 27.08.2024 18:15: О переговорах Министра иностранных дел Российской Федерации С.В.Лаврова с Министром иностранных дел и по делам экспатриантов Йеменской Республики Ш.Аз-Зиндани
https://mid.ru/ru/foreign_policy/news/1966781/
2024-08-30T18:43:24.404Z info: Sent 20 new item(s)
2024-08-30T18:43:24.404Z info: Total stored news items: 20
2024-08-30T18:43:24.404Z info: Finished news check
2024-08-30T18:44:00.164Z info: Starting news check
2024-08-30T18:44:00.239Z info: Sent status update
2024-08-30T18:44:01.091Z info: Browser initialized successfully
2024-08-30T18:44:01.092Z info: Fetching page 1...
2024-08-30T18:44:05.295Z info: Found 20 news items on page 1
2024-08-30T18:44:05.546Z info: Browser closed
2024-08-30T18:44:05.677Z info: Sent message: 30.08.2024 18:29: О визите в Дипломатическую академию МИД России Министра иностранных дел и по делам экспатриантов Йеменской Республики Ш.Аз-Зиндани
https://mid.ru/ru/foreign_policy/news/1967292/
2024-08-30T18:44:05.839Z info: Sent message: 30.08.2024 15:37: О продлении мандата Временных сил ООН в Ливане (BCOOHЛ)
https://mid.ru/ru/foreign_policy/news/1967260/
2024-08-30T18:44:05.973Z info: Sent message: 30.08.2024 15:25: О приеме в МИД России Посла Киргизской Республики в Российской Федерации К.К.Боконтаева
https://mid.ru/ru/foreign_policy/news/1967242/
2024-08-30T18:44:06.210Z info: Sent message: 30.08.2024 12:27: О встрече заместителя Министра иностранных дел Российской Федерации А.Ю.Руденко с назначенным Послом Лаосской Народно-Демократической Республики в Российской Федерации С.Ойбуабудди
https://mid.ru/ru/foreign_policy/news/1967190/
2024-08-30T18:44:06.383Z info: Sent message: 30.08.2024 11:36: О брифинге официального представителя МИД России 4 сентября 2024 года
https://mid.ru/ru/foreign_policy/news/1967149/
2024-08-30T18:44:06.572Z info: Sent message: 30.08.2024 09:53: Ответ официального представителя МИД России М.В.Захаровой на вопрос СМИ в связи с провокационными высказываниями представителя Пентагона С.Сингх и координатора по стратегическим коммуникациям совета нацбезопасности США Дж.Кирби
https://mid.ru/ru/foreign_policy/news/1967117/
2024-08-30T18:44:06.761Z info: Sent message: 29.08.2024 19:30: Выступление Директора Департамента экономического сотрудничества МИД России Д.А.Биричевского на сессии «Большое Евразийское партнерство и БРИКС+: стратегическое взаимодействие и перспективы сотрудничества» в рамках VI Международного муниципального форума стран БРИКС, Москва, 28 августа 2024 года
https://mid.ru/ru/foreign_policy/news/1967101/
2024-08-30T18:44:06.986Z info: Sent message: 29.08.2024 18:14: О встрече заместителя Министра иностранных дел России С.А.Рябкова с Послом Египта в Москве Н.Нагари
https://mid.ru/ru/foreign_policy/news/1967088/
2024-08-30T18:44:07.189Z info: Sent message: 29.08.2024 18:05: О переговорах Министра иностранных дел Российской Федерации С.В.Лаврова с Министром африканской интеграции и иностранных дел Республики Сенегал Я.Фалл
https://mid.ru/ru/foreign_policy/news/1967083/
2024-08-30T18:44:07.411Z info: Sent message: 29.08.2024 17:50: Выступление и ответы на вопросы СМИ Министра иностранных дел Российской Федерации С.В.Лаврова по итогам переговоров с Министром африканской интеграции и иностранных дел Республики Сенегал Я.Фалл, Москва, 29 августа 2024 года
https://mid.ru/ru/foreign_policy/news/1967072/
2024-08-30T18:44:07.607Z info: Sent message: 29.08.2024 14:28: О вручении верительных грамот Послом Королевства Бельгия в Российской Федерации М.Р.Жеребцофф
https://mid.ru/ru/foreign_policy/news/1967020/
2024-08-30T18:44:07.836Z info: Sent message: 29.08.2024 13:55: Ответ официального представителя МИД России М.В.Захаровой на вопрос МИА «Россия сегодня» относительно мирных инициатив по Украине
https://mid.ru/ru/foreign_policy/news/1967007/
2024-08-30T18:44:08.032Z info: Sent message: 29.08.2024 12:55: Вступительное слово Министра иностранных дел Российской Федерации С.В.Лаврова в ходе переговоров с Министром африканской интеграции и иностранных дел Республики Сенегал Я.Фалл, Москва, 29 августа 2024 года
https://mid.ru/ru/foreign_policy/news/1966996/
2024-08-30T18:44:08.213Z info: Sent message: 29.08.2024 11:01: Комментарий официального представителя МИД России М.В.Захаровой в связи с очередными американскими инсинуациями по поводу иранской ядерной программы
https://mid.ru/ru/foreign_policy/news/1966982/
2024-08-30T18:44:08.384Z info: Sent message: 28.08.2024 19:40: Брифинг официального представителя МИД России М.В.Захаровой, Москва, 28 августа 2024 года
https://mid.ru/ru/foreign_policy/news/1966922/
2024-08-30T18:44:08.536Z info: Sent message: 28.08.2024 19:36: Приветствие Министра иностранных дел Российской Федерации С.В.Лаврова организаторам и участникам XI Международного аэрокосмического конгресса
https://mid.ru/ru/foreign_policy/news/1966917/
2024-08-30T18:44:08.674Z info: Sent message: 28.08.2024 19:00: Заявление МИД России в связи с введением персональных санкций против ряда граждан США
https://mid.ru/ru/foreign_policy/news/1966912/
2024-08-30T18:44:08.793Z info: Sent message: 28.08.2024 09:49: Ответ официального представителя МИД России М.В.Захаровой на вопрос МИА «Россия сегодня» относительно развертывания американских войск на Ближнем Востоке
https://mid.ru/ru/foreign_policy/news/1966809/
2024-08-30T18:44:08.897Z info: Sent message: 28.08.2024 09:40: Видеообращение Министра иностранных дел Российской Федерации С.В.Лаврова к участникам Шестого Форума молодых дипломатов в формате «БРИКС плюс», 28 августа 2024 года
https://mid.ru/ru/foreign_policy/news/1966801/
2024-08-30T18:44:09.011Z info: Sent message: 27.08.2024 18:15: О переговорах Министра иностранных дел Российской Федерации С.В.Лаврова с Министром иностранных дел и по делам экспатриантов Йеменской Республики Ш.Аз-Зиндани
https://mid.ru/ru/foreign_policy/news/1966781/
2024-08-30T18:44:09.012Z info: Sent 20 new item(s)
2024-08-30T18:44:09.012Z info: Total stored news items: 20
2024-08-30T18:44:09.012Z info: Finished news check
2024-08-30T18:45:00.765Z info: Starting news check
2024-08-30T18:45:00.861Z info: Sent status update
2024-08-30T18:45:01.598Z info: Browser initialized successfully
2024-08-30T18:45:01.598Z info: Fetching page 1...
2024-08-30T18:45:06.094Z info: Found 20 news items on page 1
2024-08-30T18:45:06.349Z info: Browser closed
2024-08-30T18:45:06.508Z info: Sent message: 30.08.2024 18:29: О визите в Дипломатическую академию МИД России Министра иностранных дел и по делам экспатриантов Йеменской Республики Ш.Аз-Зиндани
https://mid.ru/ru/foreign_policy/news/1967292/
2024-08-30T18:45:06.692Z info: Sent message: 30.08.2024 15:37: О продлении мандата Временных сил ООН в Ливане (BCOOHЛ)
https://mid.ru/ru/foreign_policy/news/1967260/
2024-08-30T18:45:06.933Z info: Sent message: 30.08.2024 15:25: О приеме в МИД России Посла Киргизской Республики в Российской Федерации К.К.Боконтаева
https://mid.ru/ru/foreign_policy/news/1967242/
2024-08-30T18:45:07.077Z info: Sent message: 30.08.2024 12:27: О встрече заместителя Министра иностранных дел Российской Федерации А.Ю.Руденко с назначенным Послом Лаосской Народно-Демократической Республики в Российской Федерации С.Ойбуабудди
https://mid.ru/ru/foreign_policy/news/1967190/
2024-08-30T18:45:07.277Z info: Sent message: 30.08.2024 11:36: О брифинге официального представителя МИД России 4 сентября 2024 года
https://mid.ru/ru/foreign_policy/news/1967149/
2024-08-30T18:45:07.475Z info: Sent message: 30.08.2024 09:53: Ответ официального представителя МИД России М.В.Захаровой на вопрос СМИ в связи с провокационными высказываниями представителя Пентагона С.Сингх и координатора по стратегическим коммуникациям совета нацбезопасности США Дж.Кирби
https://mid.ru/ru/foreign_policy/news/1967117/
2024-08-30T18:45:07.662Z info: Sent message: 29.08.2024 19:30: Выступление Директора Департамента экономического сотрудничества МИД России Д.А.Биричевского на сессии «Большое Евразийское партнерство и БРИКС+: стратегическое взаимодействие и перспективы сотрудничества» в рамках VI Международного муниципального форума стран БРИКС, Москва, 28 августа 2024 года
https://mid.ru/ru/foreign_policy/news/1967101/
2024-08-30T18:45:07.825Z info: Sent message: 29.08.2024 18:14: О встрече заместителя Министра иностранных дел России С.А.Рябкова с Послом Египта в Москве Н.Нагари
https://mid.ru/ru/foreign_policy/news/1967088/
2024-08-30T18:45:07.939Z info: Sent message: 29.08.2024 18:05: О переговорах Министра иностранных дел Российской Федерации С.В.Лаврова с Министром африканской интеграции и иностранных дел Республики Сенегал Я.Фалл
https://mid.ru/ru/foreign_policy/news/1967083/
2024-08-30T18:45:08.060Z info: Sent message: 29.08.2024 17:50: Выступление и ответы на вопросы СМИ Министра иностранных дел Российской Федерации С.В.Лаврова по итогам переговоров с Министром африканской интеграции и иностранных дел Республики Сенегал Я.Фалл, Москва, 29 августа 2024 года
https://mid.ru/ru/foreign_policy/news/1967072/
2024-08-30T18:45:08.160Z info: Sent message: 29.08.2024 14:28: О вручении верительных грамот Послом Королевства Бельгия в Российской Федерации М.Р.Жеребцофф
https://mid.ru/ru/foreign_policy/news/1967020/
2024-08-30T18:45:08.262Z info: Sent message: 29.08.2024 13:55: Ответ официального представителя МИД России М.В.Захаровой на вопрос МИА «Россия сегодня» относительно мирных инициатив по Украине
https://mid.ru/ru/foreign_policy/news/1967007/
2024-08-30T18:45:08.346Z info: Sent message: 29.08.2024 12:55: Вступительное слово Министра иностранных дел Российской Федерации С.В.Лаврова в ходе переговоров с Министром африканской интеграции и иностранных дел Республики Сенегал Я.Фалл, Москва, 29 августа 2024 года
https://mid.ru/ru/foreign_policy/news/1966996/
2024-08-30T18:45:08.462Z info: Sent message: 29.08.2024 11:01: Комментарий официального представителя МИД России М.В.Захаровой в связи с очередными американскими инсинуациями по поводу иранской ядерной программы
https://mid.ru/ru/foreign_policy/news/1966982/
2024-08-30T18:45:08.547Z info: Sent message: 28.08.2024 19:40: Брифинг официального представителя МИД России М.В.Захаровой, Москва, 28 августа 2024 года
https://mid.ru/ru/foreign_policy/news/1966922/
2024-08-30T18:45:08.636Z info: Sent message: 28.08.2024 19:36: Приветствие Министра иностранных дел Российской Федерации С.В.Лаврова организаторам и участникам XI Международного аэрокосмического конгресса
https://mid.ru/ru/foreign_policy/news/1966917/
2024-08-30T18:45:08.757Z info: Sent message: 28.08.2024 19:00: Заявление МИД России в связи с введением персональных санкций против ряда граждан США
https://mid.ru/ru/foreign_policy/news/1966912/
2024-08-30T18:45:08.858Z info: Sent message: 28.08.2024 09:49: Ответ официального представителя МИД России М.В.Захаровой на вопрос МИА «Россия сегодня» относительно развертывания американских войск на Ближнем Востоке
https://mid.ru/ru/foreign_policy/news/1966809/
2024-08-30T18:45:08.979Z info: Sent message: 28.08.2024 09:40: Видеообращение Министра иностранных дел Российской Федерации С.В.Лаврова к участникам Шестого Форума молодых дипломатов в формате «БРИКС плюс», 28 августа 2024 года
https://mid.ru/ru/foreign_policy/news/1966801/
2024-08-30T18:45:09.076Z info: Sent message: 27.08.2024 18:15: О переговорах Министра иностранных дел Российской Федерации С.В.Лаврова с Министром иностранных дел и по делам экспатриантов Йеменской Республики Ш.Аз-Зиндани
https://mid.ru/ru/foreign_policy/news/1966781/
2024-08-30T18:45:09.078Z info: Sent 20 new item(s)
2024-08-30T18:45:09.078Z info: Total stored news items: 20
2024-08-30T18:45:09.078Z info: Finished news check
2024-08-30T18:45:12.045Z info: Bot is shutting down
2024-08-30T18:46:19.761Z info: Bot scheduled to check news * * * * *
2024-08-30T18:46:19.764Z info: Starting news check
2024-08-30T18:46:20.552Z info: Browser initialized successfully
2024-08-30T18:46:20.553Z info: Fetching page 1...
2024-08-30T18:46:25.823Z info: Found 20 news items on page 1
2024-08-30T18:46:26.037Z info: Browser closed
2024-08-30T18:46:26.286Z info: Sent message: 30.08.2024 18:29: О визите в Дипломатическую академию МИД России Министра иностранных дел и по делам экспатриантов Йеменской Республики Ш.Аз-Зиндани
https://mid.ru/ru/foreign_policy/news/1967292/
2024-08-30T18:46:26.375Z info: Sent message: 30.08.2024 15:37: О продлении мандата Временных сил ООН в Ливане (BCOOHЛ)
https://mid.ru/ru/foreign_policy/news/1967260/
2024-08-30T18:46:26.462Z info: Sent message: 30.08.2024 15:25: О приеме в МИД России Посла Киргизской Республики в Российской Федерации К.К.Боконтаева
https://mid.ru/ru/foreign_policy/news/1967242/
2024-08-30T18:46:26.544Z info: Sent message: 30.08.2024 12:27: О встрече заместителя Министра иностранных дел Российской Федерации А.Ю.Руденко с назначенным Послом Лаосской Народно-Демократической Республики в Российской Федерации С.Ойбуабудди
https://mid.ru/ru/foreign_policy/news/1967190/
2024-08-30T18:46:26.622Z info: Sent message: 30.08.2024 11:36: О брифинге официального представителя МИД России 4 сентября 2024 года
https://mid.ru/ru/foreign_policy/news/1967149/
2024-08-30T18:46:26.723Z info: Sent message: 30.08.2024 09:53: Ответ официального представителя МИД России М.В.Захаровой на вопрос СМИ в связи с провокационными высказываниями представителя Пентагона С.Сингх и координатора по стратегическим коммуникациям совета нацбезопасности США Дж.Кирби
https://mid.ru/ru/foreign_policy/news/1967117/
2024-08-30T18:46:26.809Z info: Sent message: 29.08.2024 19:30: Выступление Директора Департамента экономического сотрудничества МИД России Д.А.Биричевского на сессии «Большое Евразийское партнерство и БРИКС+: стратегическое взаимодействие и перспективы сотрудничества» в рамках VI Международного муниципального форума стран БРИКС, Москва, 28 августа 2024 года
https://mid.ru/ru/foreign_policy/news/1967101/
2024-08-30T18:46:26.909Z info: Sent message: 29.08.2024 18:14: О встрече заместителя Министра иностранных дел России С.А.Рябкова с Послом Египта в Москве Н.Нагари
https://mid.ru/ru/foreign_policy/news/1967088/
2024-08-30T18:46:27.015Z info: Sent message: 29.08.2024 18:05: О переговорах Министра иностранных дел Российской Федерации С.В.Лаврова с Министром африканской интеграции и иностранных дел Республики Сенегал Я.Фалл
https://mid.ru/ru/foreign_policy/news/1967083/
2024-08-30T18:46:27.110Z info: Sent message: 29.08.2024 17:50: Выступление и ответы на вопросы СМИ Министра иностранных дел Российской Федерации С.В.Лаврова по итогам переговоров с Министром африканской интеграции и иностранных дел Республики Сенегал Я.Фалл, Москва, 29 августа 2024 года
https://mid.ru/ru/foreign_policy/news/1967072/
2024-08-30T18:46:27.219Z info: Sent message: 29.08.2024 14:28: О вручении верительных грамот Послом Королевства Бельгия в Российской Федерации М.Р.Жеребцофф
https://mid.ru/ru/foreign_policy/news/1967020/
2024-08-30T18:46:27.316Z info: Sent message: 29.08.2024 13:55: Ответ официального представителя МИД России М.В.Захаровой на вопрос МИА «Россия сегодня» относительно мирных инициатив по Украине
https://mid.ru/ru/foreign_policy/news/1967007/
2024-08-30T18:46:27.431Z info: Sent message: 29.08.2024 12:55: Вступительное слово Министра иностранных дел Российской Федерации С.В.Лаврова в ходе переговоров с Министром африканской интеграции и иностранных дел Республики Сенегал Я.Фалл, Москва, 29 августа 2024 года
https://mid.ru/ru/foreign_policy/news/1966996/
2024-08-30T18:46:27.532Z info: Sent message: 29.08.2024 11:01: Комментарий официального представителя МИД России М.В.Захаровой в связи с очередными американскими инсинуациями по поводу иранской ядерной программы
https://mid.ru/ru/foreign_policy/news/1966982/
2024-08-30T18:46:27.653Z info: Sent message: 28.08.2024 19:40: Брифинг официального представителя МИД России М.В.Захаровой, Москва, 28 августа 2024 года
https://mid.ru/ru/foreign_policy/news/1966922/
2024-08-30T18:46:27.810Z info: Sent message: 28.08.2024 19:36: Приветствие Министра иностранных дел Российской Федерации С.В.Лаврова организаторам и участникам XI Международного аэрокосмического конгресса
https://mid.ru/ru/foreign_policy/news/1966917/
2024-08-30T18:46:27.887Z info: Sent message: 28.08.2024 19:00: Заявление МИД России в связи с введением персональных санкций против ряда граждан США
https://mid.ru/ru/foreign_policy/news/1966912/
2024-08-30T18:46:27.995Z info: Sent message: 28.08.2024 09:49: Ответ официального представителя МИД России М.В.Захаровой на вопрос МИА «Россия сегодня» относительно развертывания американских войск на Ближнем Востоке
https://mid.ru/ru/foreign_policy/news/1966809/
2024-08-30T18:46:28.110Z info: Sent message: 28.08.2024 09:40: Видеообращение Министра иностранных дел Российской Федерации С.В.Лаврова к участникам Шестого Форума молодых дипломатов в формате «БРИКС плюс», 28 августа 2024 года
https://mid.ru/ru/foreign_policy/news/1966801/
2024-08-30T18:46:28.197Z info: Sent message: 27.08.2024 18:15: О переговорах Министра иностранных дел Российской Федерации С.В.Лаврова с Министром иностранных дел и по делам экспатриантов Йеменской Республики Ш.Аз-Зиндани
https://mid.ru/ru/foreign_policy/news/1966781/
2024-08-30T18:46:28.199Z info: Sent 20 new item(s)
2024-08-30T18:46:28.199Z info: Total stored news items: 20
2024-08-30T18:46:28.200Z info: Finished news check
2024-08-30T18:47:00.211Z info: Starting news check
2024-08-30T18:47:00.933Z info: Browser initialized successfully
2024-08-30T18:47:00.933Z info: Fetching page 1...
2024-08-30T18:47:05.896Z info: Found 20 news items on page 1
2024-08-30T18:47:06.101Z info: Browser closed
2024-08-30T18:47:06.254Z info: Sent message: 30.08.2024 18:29: О визите в Дипломатическую академию МИД России Министра иностранных дел и по делам экспатриантов Йеменской Республики Ш.Аз-Зиндани
https://mid.ru/ru/foreign_policy/news/1967292/
2024-08-30T18:47:06.397Z info: Sent message: 30.08.2024 15:37: О продлении мандата Временных сил ООН в Ливане (BCOOHЛ)
https://mid.ru/ru/foreign_policy/news/1967260/
2024-08-30T18:47:06.582Z info: Sent message: 30.08.2024 15:25: О приеме в МИД России Посла Киргизской Республики в Российской Федерации К.К.Боконтаева
https://mid.ru/ru/foreign_policy/news/1967242/
2024-08-30T18:47:06.746Z info: Sent message: 30.08.2024 12:27: О встрече заместителя Министра иностранных дел Российской Федерации А.Ю.Руденко с назначенным Послом Лаосской Народно-Демократической Республики в Российской Федерации С.Ойбуабудди
https://mid.ru/ru/foreign_policy/news/1967190/
2024-08-30T18:47:06.867Z info: Sent message: 30.08.2024 11:36: О брифинге официального представителя МИД России 4 сентября 2024 года
https://mid.ru/ru/foreign_policy/news/1967149/
2024-08-30T18:47:07.004Z info: Sent message: 30.08.2024 09:53: Ответ официального представителя МИД России М.В.Захаровой на вопрос СМИ в связи с провокационными высказываниями представителя Пентагона С.Сингх и координатора по стратегическим коммуникациям совета нацбезопасности США Дж.Кирби
https://mid.ru/ru/foreign_policy/news/1967117/
2024-08-30T18:47:07.127Z info: Sent message: 29.08.2024 19:30: Выступление Директора Департамента экономического сотрудничества МИД России Д.А.Биричевского на сессии «Большое Евразийское партнерство и БРИКС+: стратегическое взаимодействие и перспективы сотрудничества» в рамках VI Международного муниципального форума стран БРИКС, Москва, 28 августа 2024 года
https://mid.ru/ru/foreign_policy/news/1967101/
2024-08-30T18:47:07.243Z info: Sent message: 29.08.2024 18:14: О встрече заместителя Министра иностранных дел России С.А.Рябкова с Послом Египта в Москве Н.Нагари
https://mid.ru/ru/foreign_policy/news/1967088/
2024-08-30T18:47:07.320Z info: Sent message: 29.08.2024 18:05: О переговорах Министра иностранных дел Российской Федерации С.В.Лаврова с Министром африканской интеграции и иностранных дел Республики Сенегал Я.Фалл
https://mid.ru/ru/foreign_policy/news/1967083/
2024-08-30T18:47:07.424Z info: Sent message: 29.08.2024 17:50: Выступление и ответы на вопросы СМИ Министра иностранных дел Российской Федерации С.В.Лаврова по итогам переговоров с Министром африканской интеграции и иностранных дел Республики Сенегал Я.Фалл, Москва, 29 августа 2024 года
https://mid.ru/ru/foreign_policy/news/1967072/
2024-08-30T18:47:07.557Z info: Sent message: 29.08.2024 14:28: О вручении верительных грамот Послом Королевства Бельгия в Российской Федерации М.Р.Жеребцофф
https://mid.ru/ru/foreign_policy/news/1967020/
2024-08-30T18:47:07.692Z info: Sent message: 29.08.2024 13:55: Ответ официального представителя МИД России М.В.Захаровой на вопрос МИА «Россия сегодня» относительно мирных инициатив по Украине
https://mid.ru/ru/foreign_policy/news/1967007/
2024-08-30T18:47:07.845Z info: Sent message: 29.08.2024 12:55: Вступительное слово Министра иностранных дел Российской Федерации С.В.Лаврова в ходе переговоров с Министром африканской интеграции и иностранных дел Республики Сенегал Я.Фалл, Москва, 29 августа 2024 года
https://mid.ru/ru/foreign_policy/news/1966996/
2024-08-30T18:47:07.985Z info: Sent message: 29.08.2024 11:01: Комментарий официального представителя МИД России М.В.Захаровой в связи с очередными американскими инсинуациями по поводу иранской ядерной программы
https://mid.ru/ru/foreign_policy/news/1966982/
2024-08-30T18:47:08.172Z info: Sent message: 28.08.2024 19:40: Брифинг официального представителя МИД России М.В.Захаровой, Москва, 28 августа 2024 года
https://mid.ru/ru/foreign_policy/news/1966922/
2024-08-30T18:47:08.437Z info: Sent message: 28.08.2024 19:36: Приветствие Министра иностранных дел Российской Федерации С.В.Лаврова организаторам и участникам XI Международного аэрокосмического конгресса
https://mid.ru/ru/foreign_policy/news/1966917/
2024-08-30T18:47:08.642Z info: Sent message: 28.08.2024 19:00: Заявление МИД России в связи с введением персональных санкций против ряда граждан США
https://mid.ru/ru/foreign_policy/news/1966912/
2024-08-30T18:47:08.834Z info: Sent message: 28.08.2024 09:49: Ответ официального представителя МИД России М.В.Захаровой на вопрос МИА «Россия сегодня» относительно развертывания американских войск на Ближнем Востоке
https://mid.ru/ru/foreign_policy/news/1966809/
2024-08-30T18:47:08.984Z info: Sent message: 28.08.2024 09:40: Видеообращение Министра иностранных дел Российской Федерации С.В.Лаврова к участникам Шестого Форума молодых дипломатов в формате «БРИКС плюс», 28 августа 2024 года
https://mid.ru/ru/foreign_policy/news/1966801/
2024-08-30T18:47:09.131Z info: Sent message: 27.08.2024 18:15: О переговорах Министра иностранных дел Российской Федерации С.В.Лаврова с Министром иностранных дел и по делам экспатриантов Йеменской Республики Ш.Аз-Зиндани
https://mid.ru/ru/foreign_policy/news/1966781/
2024-08-30T18:47:09.133Z info: Sent 20 new item(s)
2024-08-30T18:47:09.133Z info: Total stored news items: 20
2024-08-30T18:47:09.133Z info: Finished news check
2024-08-30T18:48:00.892Z info: Starting news check
2024-08-30T18:48:01.504Z info: Browser initialized successfully
2024-08-30T18:48:01.505Z info: Fetching page 1...
2024-08-30T18:48:07.380Z info: Found 20 news items on page 1
2024-08-30T18:48:07.628Z info: Browser closed
2024-08-30T18:48:07.818Z info: Sent message: 30.08.2024 18:29: О визите в Дипломатическую академию МИД России Министра иностранных дел и по делам экспатриантов Йеменской Республики Ш.Аз-Зиндани
https://mid.ru/ru/foreign_policy/news/1967292/
2024-08-30T18:48:07.981Z info: Sent message: 30.08.2024 15:37: О продлении мандата Временных сил ООН в Ливане (BCOOHЛ)
https://mid.ru/ru/foreign_policy/news/1967260/
2024-08-30T18:48:08.146Z info: Sent message: 30.08.2024 15:25: О приеме в МИД России Посла Киргизской Республики в Российской Федерации К.К.Боконтаева
https://mid.ru/ru/foreign_policy/news/1967242/
2024-08-30T18:48:08.305Z info: Sent message: 30.08.2024 12:27: О встрече заместителя Министра иностранных дел Российской Федерации А.Ю.Руденко с назначенным Послом Лаосской Народно-Демократической Республики в Российской Федерации С.Ойбуабудди
https://mid.ru/ru/foreign_policy/news/1967190/
2024-08-30T18:48:08.432Z info: Sent message: 30.08.2024 11:36: О брифинге официального представителя МИД России 4 сентября 2024 года
https://mid.ru/ru/foreign_policy/news/1967149/
2024-08-30T18:48:08.547Z info: Sent message: 30.08.2024 09:53: Ответ официального представителя МИД России М.В.Захаровой на вопрос СМИ в связи с провокационными высказываниями представителя Пентагона С.Сингх и координатора по стратегическим коммуникациям совета нацбезопасности США Дж.Кирби
https://mid.ru/ru/foreign_policy/news/1967117/
2024-08-30T18:48:08.651Z info: Sent message: 29.08.2024 19:30: Выступление Директора Департамента экономического сотрудничества МИД России Д.А.Биричевского на сессии «Большое Евразийское партнерство и БРИКС+: стратегическое взаимодействие и перспективы сотрудничества» в рамках VI Международного муниципального форума стран БРИКС, Москва, 28 августа 2024 года
https://mid.ru/ru/foreign_policy/news/1967101/
2024-08-30T18:48:08.740Z info: Sent message: 29.08.2024 18:14: О встрече заместителя Министра иностранных дел России С.А.Рябкова с Послом Египта в Москве Н.Нагари
https://mid.ru/ru/foreign_policy/news/1967088/
2024-08-30T18:48:08.832Z info: Sent message: 29.08.2024 18:05: О переговорах Министра иностранных дел Российской Федерации С.В.Лаврова с Министром африканской интеграции и иностранных дел Республики Сенегал Я.Фалл
https://mid.ru/ru/foreign_policy/news/1967083/
2024-08-30T18:48:08.945Z info: Sent message: 29.08.2024 17:50: Выступление и ответы на вопросы СМИ Министра иностранных дел Российской Федерации С.В.Лаврова по итогам переговоров с Министром африканской интеграции и иностранных дел Республики Сенегал Я.Фалл, Москва, 29 августа 2024 года
https://mid.ru/ru/foreign_policy/news/1967072/
2024-08-30T18:48:09.046Z info: Sent message: 29.08.2024 14:28: О вручении верительных грамот Послом Королевства Бельгия в Российской Федерации М.Р.Жеребцофф
https://mid.ru/ru/foreign_policy/news/1967020/
2024-08-30T18:48:09.191Z info: Sent message: 29.08.2024 13:55: Ответ официального представителя МИД России М.В.Захаровой на вопрос МИА «Россия сегодня» относительно мирных инициатив по Украине
https://mid.ru/ru/foreign_policy/news/1967007/
2024-08-30T18:48:09.323Z info: Sent message: 29.08.2024 12:55: Вступительное слово Министра иностранных дел Российской Федерации С.В.Лаврова в ходе переговоров с Министром африканской интеграции и иностранных дел Республики Сенегал Я.Фалл, Москва, 29 августа 2024 года
https://mid.ru/ru/foreign_policy/news/1966996/
2024-08-30T18:48:09.452Z info: Sent message: 29.08.2024 11:01: Комментарий официального представителя МИД России М.В.Захаровой в связи с очередными американскими инсинуациями по поводу иранской ядерной программы
https://mid.ru/ru/foreign_policy/news/1966982/
2024-08-30T18:48:09.672Z info: Sent message: 28.08.2024 19:40: Брифинг официального представителя МИД России М.В.Захаровой, Москва, 28 августа 2024 года
https://mid.ru/ru/foreign_policy/news/1966922/
2024-08-30T18:48:09.900Z info: Sent message: 28.08.2024 19:36: Приветствие Министра иностранных дел Российской Федерации С.В.Лаврова организаторам и участникам XI Международного аэрокосмического конгресса
https://mid.ru/ru/foreign_policy/news/1966917/
2024-08-30T18:48:10.114Z info: Sent message: 28.08.2024 19:00: Заявление МИД России в связи с введением персональных санкций против ряда граждан США
https://mid.ru/ru/foreign_policy/news/1966912/
2024-08-30T18:48:10.284Z info: Sent message: 28.08.2024 09:49: Ответ официального представителя МИД России М.В.Захаровой на вопрос МИА «Россия сегодня» относительно развертывания американских войск на Ближнем Востоке
https://mid.ru/ru/foreign_policy/news/1966809/
2024-08-30T18:48:10.480Z info: Sent message: 28.08.2024 09:40: Видеообращение Министра иностранных дел Российской Федерации С.В.Лаврова к участникам Шестого Форума молодых дипломатов в формате «БРИКС плюс», 28 августа 2024 года
https://mid.ru/ru/foreign_policy/news/1966801/
2024-08-30T18:48:10.867Z info: Sent message: 27.08.2024 18:15: О переговорах Министра иностранных дел Российской Федерации С.В.Лаврова с Министром иностранных дел и по делам экспатриантов Йеменской Республики Ш.Аз-Зиндани
https://mid.ru/ru/foreign_policy/news/1966781/
2024-08-30T18:48:10.869Z info: Sent 20 new item(s)
2024-08-30T18:48:10.869Z info: Total stored news items: 20
2024-08-30T18:48:10.869Z info: Finished news check
2024-08-30T18:49:00.414Z info: Starting news check
2024-08-30T18:49:01.556Z info: Browser initialized successfully
2024-08-30T18:49:01.557Z info: Fetching page 1...
2024-08-30T18:49:02.820Z info: Bot is shutting down
2024-08-30T18:49:14.110Z info: Bot scheduled to check news * * * * *
2024-08-30T18:49:14.112Z info: Starting news check
2024-08-30T18:49:15.090Z info: Browser initialized successfully
2024-08-30T18:49:15.091Z info: Fetching page 1...
2024-08-30T18:49:20.312Z info: Found 20 news items on page 1
2024-08-30T18:49:20.656Z info: Browser closed
2024-08-30T18:49:20.903Z info: Sent message: 30.08.2024 18:29: О визите в Дипломатическую академию МИД России Министра иностранных дел и по делам экспатриантов Йеменской Республики Ш.Аз-Зиндани
https://mid.ru/ru/foreign_policy/news/1967292/
2024-08-30T18:49:21.065Z info: Sent message: 30.08.2024 15:37: О продлении мандата Временных сил ООН в Ливане (BCOOHЛ)
https://mid.ru/ru/foreign_policy/news/1967260/
2024-08-30T18:49:21.189Z info: Sent message: 30.08.2024 15:25: О приеме в МИД России Посла Киргизской Республики в Российской Федерации К.К.Боконтаева
https://mid.ru/ru/foreign_policy/news/1967242/
2024-08-30T18:49:21.318Z info: Sent message: 30.08.2024 12:27: О встрече заместителя Министра иностранных дел Российской Федерации А.Ю.Руденко с назначенным Послом Лаосской Народно-Демократической Республики в Российской Федерации С.Ойбуабудди
https://mid.ru/ru/foreign_policy/news/1967190/
2024-08-30T18:49:21.423Z info: Sent message: 30.08.2024 11:36: О брифинге официального представителя МИД России 4 сентября 2024 года
https://mid.ru/ru/foreign_policy/news/1967149/
2024-08-30T18:49:21.555Z info: Sent message: 30.08.2024 09:53: Ответ официального представителя МИД России М.В.Захаровой на вопрос СМИ в связи с провокационными высказываниями представителя Пентагона С.Сингх и координатора по стратегическим коммуникациям совета нацбезопасности США Дж.Кирби
https://mid.ru/ru/foreign_policy/news/1967117/
2024-08-30T18:49:21.661Z info: Sent message: 29.08.2024 19:30: Выступление Директора Департамента экономического сотрудничества МИД России Д.А.Биричевского на сессии «Большое Евразийское партнерство и БРИКС+: стратегическое взаимодействие и перспективы сотрудничества» в рамках VI Международного муниципального форума стран БРИКС, Москва, 28 августа 2024 года
https://mid.ru/ru/foreign_policy/news/1967101/
2024-08-30T18:49:21.769Z info: Sent message: 29.08.2024 18:14: О встрече заместителя Министра иностранных дел России С.А.Рябкова с Послом Египта в Москве Н.Нагари
https://mid.ru/ru/foreign_policy/news/1967088/
2024-08-30T18:49:21.888Z info: Sent message: 29.08.2024 18:05: О переговорах Министра иностранных дел Российской Федерации С.В.Лаврова с Министром африканской интеграции и иностранных дел Республики Сенегал Я.Фалл
https://mid.ru/ru/foreign_policy/news/1967083/
2024-08-30T18:49:22.010Z info: Sent message: 29.08.2024 17:50: Выступление и ответы на вопросы СМИ Министра иностранных дел Российской Федерации С.В.Лаврова по итогам переговоров с Министром африканской интеграции и иностранных дел Республики Сенегал Я.Фалл, Москва, 29 августа 2024 года
https://mid.ru/ru/foreign_policy/news/1967072/
2024-08-30T18:49:22.137Z info: Sent message: 29.08.2024 14:28: О вручении верительных грамот Послом Королевства Бельгия в Российской Федерации М.Р.Жеребцофф
https://mid.ru/ru/foreign_policy/news/1967020/
2024-08-30T18:49:22.243Z info: Sent message: 29.08.2024 13:55: Ответ официального представителя МИД России М.В.Захаровой на вопрос МИА «Россия сегодня» относительно мирных инициатив по Украине
https://mid.ru/ru/foreign_policy/news/1967007/
2024-08-30T18:49:22.366Z info: Sent message: 29.08.2024 12:55: Вступительное слово Министра иностранных дел Российской Федерации С.В.Лаврова в ходе переговоров с Министром африканской интеграции и иностранных дел Республики Сенегал Я.Фалл, Москва, 29 августа 2024 года
https://mid.ru/ru/foreign_policy/news/1966996/
2024-08-30T18:49:22.492Z info: Sent message: 29.08.2024 11:01: Комментарий официального представителя МИД России М.В.Захаровой в связи с очередными американскими инсинуациями по поводу иранской ядерной программы
https://mid.ru/ru/foreign_policy/news/1966982/
2024-08-30T18:49:22.629Z info: Sent message: 28.08.2024 19:40: Брифинг официального представителя МИД России М.В.Захаровой, Москва, 28 августа 2024 года
https://mid.ru/ru/foreign_policy/news/1966922/
2024-08-30T18:49:22.761Z info: Sent message: 28.08.2024 19:36: Приветствие Министра иностранных дел Российской Федерации С.В.Лаврова организаторам и участникам XI Международного аэрокосмического конгресса
https://mid.ru/ru/foreign_policy/news/1966917/
2024-08-30T18:49:22.875Z info: Sent message: 28.08.2024 19:00: Заявление МИД России в связи с введением персональных санкций против ряда граждан США
https://mid.ru/ru/foreign_policy/news/1966912/
2024-08-30T18:49:22.999Z info: Sent message: 28.08.2024 09:49: Ответ официального представителя МИД России М.В.Захаровой на вопрос МИА «Россия сегодня» относительно развертывания американских войск на Ближнем Востоке
https://mid.ru/ru/foreign_policy/news/1966809/
2024-08-30T18:49:23.172Z info: Sent message: 28.08.2024 09:40: Видеообращение Министра иностранных дел Российской Федерации С.В.Лаврова к участникам Шестого Форума молодых дипломатов в формате «БРИКС плюс», 28 августа 2024 года
https://mid.ru/ru/foreign_policy/news/1966801/
2024-08-30T18:49:23.340Z info: Sent message: 27.08.2024 18:15: О переговорах Министра иностранных дел Российской Федерации С.В.Лаврова с Министром иностранных дел и по делам экспатриантов Йеменской Республики Ш.Аз-Зиндани
https://mid.ru/ru/foreign_policy/news/1966781/
2024-08-30T18:49:23.342Z info: Sent 20 new item(s)
2024-08-30T18:49:23.342Z info: Total stored news items: 20
2024-08-30T18:49:23.342Z info: Finished news check
2024-08-30T18:50:00.547Z info: Starting news check
2024-08-30T18:50:01.160Z info: Browser initialized successfully
2024-08-30T18:50:01.162Z info: Fetching page 1...
2024-08-30T18:50:06.373Z info: Found 20 news items on page 1
2024-08-30T18:50:06.610Z info: Browser closed
2024-08-30T18:50:06.782Z info: Sent message: 30.08.2024 18:29: О визите в Дипломатическую академию МИД России Министра иностранных дел и по делам экспатриантов Йеменской Республики Ш.Аз-Зиндани
https://mid.ru/ru/foreign_policy/news/1967292/
2024-08-30T18:50:06.884Z info: Sent message: 30.08.2024 15:37: О продлении мандата Временных сил ООН в Ливане (BCOOHЛ)
https://mid.ru/ru/foreign_policy/news/1967260/
2024-08-30T18:50:06.982Z info: Sent message: 30.08.2024 15:25: О приеме в МИД России Посла Киргизской Республики в Российской Федерации К.К.Боконтаева
https://mid.ru/ru/foreign_policy/news/1967242/
2024-08-30T18:50:07.074Z info: Sent message: 30.08.2024 12:27: О встрече заместителя Министра иностранных дел Российской Федерации А.Ю.Руденко с назначенным Послом Лаосской Народно-Демократической Республики в Российской Федерации С.Ойбуабудди
https://mid.ru/ru/foreign_policy/news/1967190/
2024-08-30T18:50:07.153Z info: Sent message: 30.08.2024 11:36: О брифинге официального представителя МИД России 4 сентября 2024 года
https://mid.ru/ru/foreign_policy/news/1967149/
2024-08-30T18:50:07.272Z info: Sent message: 30.08.2024 09:53: Ответ официального представителя МИД России М.В.Захаровой на вопрос СМИ в связи с провокационными высказываниями представителя Пентагона С.Сингх и координатора по стратегическим коммуникациям совета нацбезопасности США Дж.Кирби
https://mid.ru/ru/foreign_policy/news/1967117/
2024-08-30T18:50:07.372Z info: Sent message: 29.08.2024 19:30: Выступление Директора Департамента экономического сотрудничества МИД России Д.А.Биричевского на сессии «Большое Евразийское партнерство и БРИКС+: стратегическое взаимодействие и перспективы сотрудничества» в рамках VI Международного муниципального форума стран БРИКС, Москва, 28 августа 2024 года
https://mid.ru/ru/foreign_policy/news/1967101/
2024-08-30T18:50:07.495Z info: Sent message: 29.08.2024 18:14: О встрече заместителя Министра иностранных дел России С.А.Рябкова с Послом Египта в Москве Н.Нагари
https://mid.ru/ru/foreign_policy/news/1967088/
2024-08-30T18:50:07.587Z info: Sent message: 29.08.2024 18:05: О переговорах Министра иностранных дел Российской Федерации С.В.Лаврова с Министром африканской интеграции и иностранных дел Республики Сенегал Я.Фалл
https://mid.ru/ru/foreign_policy/news/1967083/
2024-08-30T18:50:07.684Z info: Sent message: 29.08.2024 17:50: Выступление и ответы на вопросы СМИ Министра иностранных дел Российской Федерации С.В.Лаврова по итогам переговоров с Министром африканской интеграции и иностранных дел Республики Сенегал Я.Фалл, Москва, 29 августа 2024 года
https://mid.ru/ru/foreign_policy/news/1967072/
2024-08-30T18:50:07.768Z info: Sent message: 29.08.2024 14:28: О вручении верительных грамот Послом Королевства Бельгия в Российской Федерации М.Р.Жеребцофф
https://mid.ru/ru/foreign_policy/news/1967020/
2024-08-30T18:50:07.895Z info: Sent message: 29.08.2024 13:55: Ответ официального представителя МИД России М.В.Захаровой на вопрос МИА «Россия сегодня» относительно мирных инициатив по Украине
https://mid.ru/ru/foreign_policy/news/1967007/
2024-08-30T18:50:07.991Z info: Sent message: 29.08.2024 12:55: Вступительное слово Министра иностранных дел Российской Федерации С.В.Лаврова в ходе переговоров с Министром африканской интеграции и иностранных дел Республики Сенегал Я.Фалл, Москва, 29 августа 2024 года
https://mid.ru/ru/foreign_policy/news/1966996/
2024-08-30T18:50:08.104Z info: Sent message: 29.08.2024 11:01: Комментарий официального представителя МИД России М.В.Захаровой в связи с очередными американскими инсинуациями по поводу иранской ядерной программы
https://mid.ru/ru/foreign_policy/news/1966982/
2024-08-30T18:50:08.218Z info: Sent message: 28.08.2024 19:40: Брифинг официального представителя МИД России М.В.Захаровой, Москва, 28 августа 2024 года
https://mid.ru/ru/foreign_policy/news/1966922/
2024-08-30T18:50:08.315Z info: Sent message: 28.08.2024 19:36: Приветствие Министра иностранных дел Российской Федерации С.В.Лаврова организаторам и участникам XI Международного аэрокосмического конгресса
https://mid.ru/ru/foreign_policy/news/1966917/
2024-08-30T18:50:08.432Z info: Sent message: 28.08.2024 19:00: Заявление МИД России в связи с введением персональных санкций против ряда граждан США
https://mid.ru/ru/foreign_policy/news/1966912/
2024-08-30T18:50:08.582Z info: Sent message: 28.08.2024 09:49: Ответ официального представителя МИД России М.В.Захаровой на вопрос МИА «Россия сегодня» относительно развертывания американских войск на Ближнем Востоке
https://mid.ru/ru/foreign_policy/news/1966809/
2024-08-30T18:50:08.745Z info: Sent message: 28.08.2024 09:40: Видеообращение Министра иностранных дел Российской Федерации С.В.Лаврова к участникам Шестого Форума молодых дипломатов в формате «БРИКС плюс», 28 августа 2024 года
https://mid.ru/ru/foreign_policy/news/1966801/
2024-08-30T18:50:08.915Z info: Sent message: 27.08.2024 18:15: О переговорах Министра иностранных дел Российской Федерации С.В.Лаврова с Министром иностранных дел и по делам экспатриантов Йеменской Республики Ш.Аз-Зиндани
https://mid.ru/ru/foreign_policy/news/1966781/
2024-08-30T18:50:08.916Z info: Sent 20 new item(s)
2024-08-30T18:50:08.917Z info: Total stored news items: 20
2024-08-30T18:50:08.917Z info: Finished news check
2024-08-30T18:50:48.158Z info: Bot is shutting down
2024-08-30T18:54:01.246Z info: Bot initialized. Stored news count: 0
2024-08-30T18:54:01.252Z info: Bot scheduled to check news * * * * *
2024-08-30T18:54:01.253Z info: Starting news check
2024-08-30T18:54:02.275Z info: Browser initialized successfully
2024-08-30T18:54:02.276Z info: Fetching page 1...
2024-08-30T18:54:06.297Z info: Found 20 news items on page 1
2024-08-30T18:54:06.558Z info: Browser closed
2024-08-30T18:54:06.824Z info: Sent message: 30.08.2024 18:29: О визите в Дипломатическую академию МИД России Министра иностранных дел и по делам экспатриантов Йеменской Республики Ш.Аз-Зиндани
https://mid.ru/ru/foreign_policy/news/1967292/
2024-08-30T18:54:06.947Z info: Sent message: 30.08.2024 15:37: О продлении мандата Временных сил ООН в Ливане (BCOOHЛ)
https://mid.ru/ru/foreign_policy/news/1967260/
2024-08-30T18:54:07.067Z info: Sent message: 30.08.2024 15:25: О приеме в МИД России Посла Киргизской Республики в Российской Федерации К.К.Боконтаева
https://mid.ru/ru/foreign_policy/news/1967242/
2024-08-30T18:54:07.230Z info: Sent message: 30.08.2024 12:27: О встрече заместителя Министра иностранных дел Российской Федерации А.Ю.Руденко с назначенным Послом Лаосской Народно-Демократической Республики в Российской Федерации С.Ойбуабудди
https://mid.ru/ru/foreign_policy/news/1967190/
2024-08-30T18:54:07.381Z info: Sent message: 30.08.2024 11:36: О брифинге официального представителя МИД России 4 сентября 2024 года
https://mid.ru/ru/foreign_policy/news/1967149/
2024-08-30T18:54:07.551Z info: Sent message: 30.08.2024 09:53: Ответ официального представителя МИД России М.В.Захаровой на вопрос СМИ в связи с провокационными высказываниями представителя Пентагона С.Сингх и координатора по стратегическим коммуникациям совета нацбезопасности США Дж.Кирби
https://mid.ru/ru/foreign_policy/news/1967117/
2024-08-30T18:54:07.717Z info: Sent message: 29.08.2024 19:30: Выступление Директора Департамента экономического сотрудничества МИД России Д.А.Биричевского на сессии «Большое Евразийское партнерство и БРИКС+: стратегическое взаимодействие и перспективы сотрудничества» в рамках VI Международного муниципального форума стран БРИКС, Москва, 28 августа 2024 года
https://mid.ru/ru/foreign_policy/news/1967101/
2024-08-30T18:54:07.858Z info: Sent message: 29.08.2024 18:14: О встрече заместителя Министра иностранных дел России С.А.Рябкова с Послом Египта в Москве Н.Нагари
https://mid.ru/ru/foreign_policy/news/1967088/
2024-08-30T18:54:08.000Z info: Sent message: 29.08.2024 18:05: О переговорах Министра иностранных дел Российской Федерации С.В.Лаврова с Министром африканской интеграции и иностранных дел Республики Сенегал Я.Фалл
https://mid.ru/ru/foreign_policy/news/1967083/
2024-08-30T18:54:08.217Z info: Sent message: 29.08.2024 17:50: Выступление и ответы на вопросы СМИ Министра иностранных дел Российской Федерации С.В.Лаврова по итогам переговоров с Министром африканской интеграции и иностранных дел Республики Сенегал Я.Фалл, Москва, 29 августа 2024 года
https://mid.ru/ru/foreign_policy/news/1967072/
2024-08-30T18:54:08.377Z info: Sent message: 29.08.2024 14:28: О вручении верительных грамот Послом Королевства Бельгия в Российской Федерации М.Р.Жеребцофф
https://mid.ru/ru/foreign_policy/news/1967020/
2024-08-30T18:54:08.517Z info: Sent message: 29.08.2024 13:55: Ответ официального представителя МИД России М.В.Захаровой на вопрос МИА «Россия сегодня» относительно мирных инициатив по Украине
https://mid.ru/ru/foreign_policy/news/1967007/
2024-08-30T18:54:08.619Z info: Sent message: 29.08.2024 12:55: Вступительное слово Министра иностранных дел Российской Федерации С.В.Лаврова в ходе переговоров с Министром африканской интеграции и иностранных дел Республики Сенегал Я.Фалл, Москва, 29 августа 2024 года
https://mid.ru/ru/foreign_policy/news/1966996/
2024-08-30T18:54:08.724Z info: Sent message: 29.08.2024 11:01: Комментарий официального представителя МИД России М.В.Захаровой в связи с очередными американскими инсинуациями по поводу иранской ядерной программы
https://mid.ru/ru/foreign_policy/news/1966982/
2024-08-30T18:54:08.826Z info: Sent message: 28.08.2024 19:40: Брифинг официального представителя МИД России М.В.Захаровой, Москва, 28 августа 2024 года
https://mid.ru/ru/foreign_policy/news/1966922/
2024-08-30T18:54:08.925Z info: Sent message: 28.08.2024 19:36: Приветствие Министра иностранных дел Российской Федерации С.В.Лаврова организаторам и участникам XI Международного аэрокосмического конгресса
https://mid.ru/ru/foreign_policy/news/1966917/
2024-08-30T18:54:09.051Z info: Sent message: 28.08.2024 19:00: Заявление МИД России в связи с введением персональных санкций против ряда граждан США
https://mid.ru/ru/foreign_policy/news/1966912/
2024-08-30T18:54:09.203Z info: Sent message: 28.08.2024 09:49: Ответ официального представителя МИД России М.В.Захаровой на вопрос МИА «Россия сегодня» относительно развертывания американских войск на Ближнем Востоке
https://mid.ru/ru/foreign_policy/news/1966809/
2024-08-30T18:54:09.348Z info: Sent message: 28.08.2024 09:40: Видеообращение Министра иностранных дел Российской Федерации С.В.Лаврова к участникам Шестого Форума молодых дипломатов в формате «БРИКС плюс», 28 августа 2024 года
https://mid.ru/ru/foreign_policy/news/1966801/
2024-08-30T18:54:09.492Z info: Sent message: 27.08.2024 18:15: О переговорах Министра иностранных дел Российской Федерации С.В.Лаврова с Министром иностранных дел и по делам экспатриантов Йеменской Республики Ш.Аз-Зиндани
https://mid.ru/ru/foreign_policy/news/1966781/
2024-08-30T18:54:09.494Z info: Sent 20 new item(s)
2024-08-30T18:54:09.494Z info: Total stored news items: 20
2024-08-30T18:54:09.495Z info: Finished news check
2024-08-30T18:55:00.816Z info: Starting news check
2024-08-30T18:55:01.474Z info: Browser initialized successfully
2024-08-30T18:55:01.475Z info: Fetching page 1...
2024-08-30T18:55:05.468Z info: Found 20 news items on page 1
2024-08-30T18:55:05.699Z info: Browser closed
2024-08-30T18:55:05.700Z info: No new items to send.
2024-08-30T18:55:05.700Z info: Finished news check
2024-08-30T18:55:09.452Z info: Bot is shutting down
