2024-08-29T19:41:08.779Z info: Browser initialized successfully
2024-08-29T19:41:08.783Z info: Start parser
2024-08-29T19:41:08.784Z info: Fetching page 1...
2024-08-29T19:41:13.870Z info: Found 20 news items on page 1
2024-08-29T19:41:17.825Z error: Could not send a message to telegram: ETELEGRAM: 403 Forbidden: bots can't send messages to bots
2024-08-29T19:41:17.975Z error: Could not send a message to telegram: ETELEGRAM: 403 Forbidden: bots can't send messages to bots
2024-08-29T19:41:18.097Z error: Could not send a message to telegram: ETELEGRAM: 403 Forbidden: bots can't send messages to bots
2024-08-29T19:41:18.218Z error: Could not send a message to telegram: ETELEGRAM: 403 Forbidden: bots can't send messages to bots
2024-08-29T19:41:18.367Z error: Could not send a message to telegram: ETELEGRAM: 403 Forbidden: bots can't send messages to bots
2024-08-29T19:41:18.460Z error: Could not send a message to telegram: ETELEGRAM: 403 Forbidden: bots can't send messages to bots
2024-08-29T19:41:18.572Z error: Could not send a message to telegram: ETELEGRAM: 403 Forbidden: bots can't send messages to bots
2024-08-29T19:41:18.675Z error: Could not send a message to telegram: ETELEGRAM: 403 Forbidden: bots can't send messages to bots
2024-08-29T19:41:18.767Z error: Could not send a message to telegram: ETELEGRAM: 403 Forbidden: bots can't send messages to bots
2024-08-29T19:41:18.863Z error: Could not send a message to telegram: ETELEGRAM: 403 Forbidden: bots can't send messages to bots
2024-08-29T19:41:18.964Z error: Could not send a message to telegram: ETELEGRAM: 403 Forbidden: bots can't send messages to bots
2024-08-29T19:41:19.049Z error: Could not send a message to telegram: ETELEGRAM: 403 Forbidden: bots can't send messages to bots
2024-08-29T19:41:19.153Z error: Could not send a message to telegram: ETELEGRAM: 403 Forbidden: bots can't send messages to bots
2024-08-29T19:41:19.284Z error: Could not send a message to telegram: ETELEGRAM: 403 Forbidden: bots can't send messages to bots
2024-08-29T19:41:19.436Z error: Could not send a message to telegram: ETELEGRAM: 403 Forbidden: bots can't send messages to bots
2024-08-29T19:41:19.608Z error: Could not send a message to telegram: ETELEGRAM: 403 Forbidden: bots can't send messages to bots
2024-08-29T19:41:19.739Z error: Could not send a message to telegram: ETELEGRAM: 403 Forbidden: bots can't send messages to bots
2024-08-29T19:41:19.839Z error: Could not send a message to telegram: ETELEGRAM: 403 Forbidden: bots can't send messages to bots
2024-08-29T19:41:19.903Z error: Could not send a message to telegram: ETELEGRAM: 403 Forbidden: bots can't send messages to bots
2024-08-29T19:41:19.963Z error: Could not send a message to telegram: ETELEGRAM: 403 Forbidden: bots can't send messages to bots
2024-08-29T19:41:19.964Z info: Total news items processed: 20
2024-08-29T19:41:20.175Z info: Browser closed
2024-08-29T19:41:20.176Z info: Finish parser
2024-08-29T19:45:08.920Z info: Bot started
2024-08-29T19:45:25.986Z info: Browser initialized successfully
2024-08-29T19:45:25.987Z info: Fetching page 1...
2024-08-29T19:45:31.617Z info: Found 20 news items on page 1
2024-08-29T19:45:31.988Z info: Browser closed
2024-08-29T19:47:34.198Z info: Browser initialized successfully
2024-08-29T19:47:34.199Z info: Fetching page 1...
2024-08-29T19:47:38.896Z info: Found 20 news items on page 1
2024-08-29T19:47:39.188Z info: Browser closed
2024-08-29T19:48:55.897Z info: Browser initialized successfully
2024-08-29T19:48:55.903Z info: Fetching page 1...
2024-08-29T19:49:04.738Z info: Found 20 news items on page 1
2024-08-29T19:49:05.063Z info: Browser closed
2024-08-29T19:55:52.393Z info: Bot started and scheduled to check news every minute
2024-08-29T19:55:52.395Z info: Starting news check
2024-08-29T19:55:53.312Z info: Browser initialized successfully
2024-08-29T19:55:53.313Z info: Fetching page 1...
2024-08-29T19:55:58.013Z info: Found 20 news items on page 1
2024-08-29T19:55:58.256Z info: Browser closed
2024-08-29T19:55:58.637Z info: Sent message: 29.08.2024 19:30: Выступление Директора Департамента экономического сотрудничества МИД России Д.А.Биричевского на сессии «Большое Евразийское партнерство и БРИКС+: стратегическое взаимодействие и перспективы сотрудничества» в рамках VI Международного муниципального форума стран БРИКС, Москва, 28 августа 2024 года
https://mid.ru/ru/foreign_policy/news/1967101/
2024-08-29T19:55:58.824Z info: Sent message: 29.08.2024 18:14: О встрече заместителя Министра иностранных дел России С.А.Рябкова с Послом Египта в Москве Н.Нагари
https://mid.ru/ru/foreign_policy/news/1967088/
2024-08-29T19:55:58.987Z info: Sent message: 29.08.2024 18:05: О переговорах Министра иностранных дел Российской Федерации С.В.Лаврова с Министром африканской интеграции и иностранных дел Республики Сенегал Я.Фалл
https://mid.ru/ru/foreign_policy/news/1967083/
2024-08-29T19:55:59.137Z info: Sent message: 29.08.2024 17:50: Выступление и ответы на вопросы СМИ Министра иностранных дел Российской Федерации С.В.Лаврова по итогам переговоров с Министром африканской интеграции и иностранных дел Республики Сенегал Я.Фалл, Москва, 29 августа 2024 года
https://mid.ru/ru/foreign_policy/news/1967072/
2024-08-29T19:55:59.282Z info: Sent message: 29.08.2024 14:28: О вручении верительных грамот Послом Королевства Бельгия в Российской Федерации М.Р.Жеребцофф
https://mid.ru/ru/foreign_policy/news/1967020/
2024-08-29T19:55:59.391Z info: Sent message: 29.08.2024 13:55: Ответ официального представителя МИД России М.В.Захаровой на вопрос МИА «Россия сегодня» относительно мирных инициатив по Украине
https://mid.ru/ru/foreign_policy/news/1967007/
2024-08-29T19:55:59.482Z info: Sent message: 29.08.2024 12:55: Вступительное слово Министра иностранных дел Российской Федерации С.В.Лаврова в ходе переговоров с Министром африканской интеграции и иностранных дел Республики Сенегал Я.Фалл, Москва, 29 августа 2024 года
https://mid.ru/ru/foreign_policy/news/1966996/
2024-08-29T19:55:59.554Z info: Sent message: 29.08.2024 11:01: Комментарий официального представителя МИД России М.В.Захаровой в связи с очередными американскими инсинуациями по поводу иранской ядерной программы
https://mid.ru/ru/foreign_policy/news/1966982/
2024-08-29T19:55:59.655Z info: Sent message: 28.08.2024 19:40: Брифинг официального представителя МИД России М.В.Захаровой, Москва, 28 августа 2024 года
https://mid.ru/ru/foreign_policy/news/1966922/
2024-08-29T19:55:59.744Z info: Sent message: 28.08.2024 19:36: Приветствие Министра иностранных дел Российской Федерации С.В.Лаврова организаторам и участникам XI Международного аэрокосмического конгресса
https://mid.ru/ru/foreign_policy/news/1966917/
2024-08-29T19:55:59.831Z info: Sent message: 28.08.2024 19:00: Заявление МИД России в связи с введением персональных санкций против ряда граждан США
https://mid.ru/ru/foreign_policy/news/1966912/
2024-08-29T19:55:59.910Z info: Sent message: 28.08.2024 09:49: Ответ официального представителя МИД России М.В.Захаровой на вопрос МИА «Россия сегодня» относительно развертывания американских войск на Ближнем Востоке
https://mid.ru/ru/foreign_policy/news/1966809/
2024-08-29T19:55:59.993Z info: Sent message: 28.08.2024 09:40: Видеообращение Министра иностранных дел Российской Федерации С.В.Лаврова к участникам Шестого Форума молодых дипломатов в формате «БРИКС плюс», 28 августа 2024 года
https://mid.ru/ru/foreign_policy/news/1966801/
2024-08-29T19:56:00.081Z info: Sent message: 27.08.2024 18:15: О переговорах Министра иностранных дел Российской Федерации С.В.Лаврова с Министром иностранных дел и по делам экспатриантов Йеменской Республики Ш.Аз-Зиндани
https://mid.ru/ru/foreign_policy/news/1966781/
2024-08-29T19:56:00.211Z info: Sent message: 27.08.2024 18:00: Выступление и ответы на вопросы СМИ Министра иностранных дел Российской Федерации С.В.Лаврова по итогам переговоров с Министром иностранных дел и по делам экспатриантов Йеменской Республики Ш.Аз-Зиндани, Москва, 27 августа 2024 года
https://mid.ru/ru/foreign_policy/news/1966772/
2024-08-29T19:56:00.350Z info: Sent message: 27.08.2024 15:18: О встрече заместителя Министра иностранных дел Российской Федерации С.А.Рябкова с заместителем Генерального директора – руководителем Департамента гарантий Секретариата МАГАТЭ М.Апаро
https://mid.ru/ru/foreign_policy/news/1966754/
2024-08-29T19:56:00.454Z info: Sent message: 27.08.2024 13:15: Вступительное слово Министра иностранных дел Российской Федерации С.В.Лаврова в ходе переговоров с Министром иностранных дел и по делам экспатриантов Йеменской Республики Ш.Аз-Зиндани, Москва, 27 августа 2024 года
https://mid.ru/ru/foreign_policy/news/1966733/
2024-08-29T19:56:00.470Z info: Starting news check
2024-08-29T19:56:00.600Z info: Sent message: 27.08.2024 12:40: Видеообращение Министра иностранных дел Российской Федерации С.В.Лаврова к организаторам и участникам VI Международного муниципального форума стран БРИКС, 27 августа 2024 года
https://mid.ru/ru/foreign_policy/news/1966726/
2024-08-29T19:56:00.681Z info: Sent message: 26.08.2024 20:29: Комментарий официального представителя МИД России М.В.Захаровой в связи с обострением обстановки на Ближнем Востоке
https://mid.ru/ru/foreign_policy/news/1966655/
2024-08-29T19:56:00.778Z info: Sent message: 26.08.2024 19:42: О встрече заместителя Министра иностранных дел России А.Ю.Руденко с заместителем Министра иностранных дел Ирака М.Бахрульулюмом
https://mid.ru/ru/foreign_policy/news/1966650/
2024-08-29T19:56:00.780Z info: Sent 20 new items
2024-08-29T19:56:00.780Z info: Finished news check
2024-08-29T19:56:01.201Z info: Browser initialized successfully
2024-08-29T19:56:01.202Z info: Fetching page 1...
2024-08-29T19:56:07.416Z info: Found 20 news items on page 1
2024-08-29T19:56:07.639Z info: Browser closed
2024-08-29T19:56:07.749Z info: Sent message: 29.08.2024 19:30: Выступление Директора Департамента экономического сотрудничества МИД России Д.А.Биричевского на сессии «Большое Евразийское партнерство и БРИКС+: стратегическое взаимодействие и перспективы сотрудничества» в рамках VI Международного муниципального форума стран БРИКС, Москва, 28 августа 2024 года
https://mid.ru/ru/foreign_policy/news/1967101/
2024-08-29T19:56:07.888Z info: Sent message: 29.08.2024 18:14: О встрече заместителя Министра иностранных дел России С.А.Рябкова с Послом Египта в Москве Н.Нагари
https://mid.ru/ru/foreign_policy/news/1967088/
2024-08-29T19:56:07.977Z info: Sent message: 29.08.2024 18:05: О переговорах Министра иностранных дел Российской Федерации С.В.Лаврова с Министром африканской интеграции и иностранных дел Республики Сенегал Я.Фалл
https://mid.ru/ru/foreign_policy/news/1967083/
2024-08-29T19:56:08.093Z info: Sent message: 29.08.2024 17:50: Выступление и ответы на вопросы СМИ Министра иностранных дел Российской Федерации С.В.Лаврова по итогам переговоров с Министром африканской интеграции и иностранных дел Республики Сенегал Я.Фалл, Москва, 29 августа 2024 года
https://mid.ru/ru/foreign_policy/news/1967072/
2024-08-29T19:56:08.243Z info: Sent message: 29.08.2024 14:28: О вручении верительных грамот Послом Королевства Бельгия в Российской Федерации М.Р.Жеребцофф
https://mid.ru/ru/foreign_policy/news/1967020/
2024-08-29T19:56:08.365Z info: Sent message: 29.08.2024 13:55: Ответ официального представителя МИД России М.В.Захаровой на вопрос МИА «Россия сегодня» относительно мирных инициатив по Украине
https://mid.ru/ru/foreign_policy/news/1967007/
2024-08-29T19:56:08.476Z info: Sent message: 29.08.2024 12:55: Вступительное слово Министра иностранных дел Российской Федерации С.В.Лаврова в ходе переговоров с Министром африканской интеграции и иностранных дел Республики Сенегал Я.Фалл, Москва, 29 августа 2024 года
https://mid.ru/ru/foreign_policy/news/1966996/
2024-08-29T19:56:08.589Z info: Sent message: 29.08.2024 11:01: Комментарий официального представителя МИД России М.В.Захаровой в связи с очередными американскими инсинуациями по поводу иранской ядерной программы
https://mid.ru/ru/foreign_policy/news/1966982/
2024-08-29T19:56:08.734Z info: Sent message: 28.08.2024 19:40: Брифинг официального представителя МИД России М.В.Захаровой, Москва, 28 августа 2024 года
https://mid.ru/ru/foreign_policy/news/1966922/
2024-08-29T19:56:08.895Z info: Sent message: 28.08.2024 19:36: Приветствие Министра иностранных дел Российской Федерации С.В.Лаврова организаторам и участникам XI Международного аэрокосмического конгресса
https://mid.ru/ru/foreign_policy/news/1966917/
2024-08-29T19:56:09.035Z info: Sent message: 28.08.2024 19:00: Заявление МИД России в связи с введением персональных санкций против ряда граждан США
https://mid.ru/ru/foreign_policy/news/1966912/
2024-08-29T19:56:09.168Z info: Sent message: 28.08.2024 09:49: Ответ официального представителя МИД России М.В.Захаровой на вопрос МИА «Россия сегодня» относительно развертывания американских войск на Ближнем Востоке
https://mid.ru/ru/foreign_policy/news/1966809/
2024-08-29T19:56:09.289Z info: Sent message: 28.08.2024 09:40: Видеообращение Министра иностранных дел Российской Федерации С.В.Лаврова к участникам Шестого Форума молодых дипломатов в формате «БРИКС плюс», 28 августа 2024 года
https://mid.ru/ru/foreign_policy/news/1966801/
2024-08-29T19:56:09.463Z info: Sent message: 27.08.2024 18:15: О переговорах Министра иностранных дел Российской Федерации С.В.Лаврова с Министром иностранных дел и по делам экспатриантов Йеменской Республики Ш.Аз-Зиндани
https://mid.ru/ru/foreign_policy/news/1966781/
2024-08-29T19:56:09.607Z info: Sent message: 27.08.2024 18:00: Выступление и ответы на вопросы СМИ Министра иностранных дел Российской Федерации С.В.Лаврова по итогам переговоров с Министром иностранных дел и по делам экспатриантов Йеменской Республики Ш.Аз-Зиндани, Москва, 27 августа 2024 года
https://mid.ru/ru/foreign_policy/news/1966772/
2024-08-29T19:56:09.769Z info: Sent message: 27.08.2024 15:18: О встрече заместителя Министра иностранных дел Российской Федерации С.А.Рябкова с заместителем Генерального директора – руководителем Департамента гарантий Секретариата МАГАТЭ М.Апаро
https://mid.ru/ru/foreign_policy/news/1966754/
2024-08-29T19:56:09.934Z info: Sent message: 27.08.2024 13:15: Вступительное слово Министра иностранных дел Российской Федерации С.В.Лаврова в ходе переговоров с Министром иностранных дел и по делам экспатриантов Йеменской Республики Ш.Аз-Зиндани, Москва, 27 августа 2024 года
https://mid.ru/ru/foreign_policy/news/1966733/
2024-08-29T19:56:10.121Z info: Sent message: 27.08.2024 12:40: Видеообращение Министра иностранных дел Российской Федерации С.В.Лаврова к организаторам и участникам VI Международного муниципального форума стран БРИКС, 27 августа 2024 года
https://mid.ru/ru/foreign_policy/news/1966726/
2024-08-29T19:56:10.262Z info: Sent message: 26.08.2024 20:29: Комментарий официального представителя МИД России М.В.Захаровой в связи с обострением обстановки на Ближнем Востоке
https://mid.ru/ru/foreign_policy/news/1966655/
2024-08-29T19:56:10.361Z info: Sent message: 26.08.2024 19:42: О встрече заместителя Министра иностранных дел России А.Ю.Руденко с заместителем Министра иностранных дел Ирака М.Бахрульулюмом
https://mid.ru/ru/foreign_policy/news/1966650/
2024-08-29T19:56:10.362Z info: Sent 20 new items
2024-08-29T19:56:10.362Z info: Finished news check
2024-08-29T19:56:39.051Z info: Bot is shutting down
2024-08-29T20:02:19.067Z info: Bot started and scheduled to check news every minute
2024-08-29T20:02:19.070Z info: Starting news check
2024-08-29T20:02:20.139Z info: Browser initialized successfully
2024-08-29T20:02:20.140Z info: Fetching page 1...
2024-08-29T20:02:26.461Z info: Found 20 news items on page 1
2024-08-29T20:02:26.733Z info: Browser closed
2024-08-29T20:02:26.959Z info: Sent message: 29.08.2024 19:30: Выступление Директора Департамента экономического сотрудничества МИД России Д.А.Биричевского на сессии «Большое Евразийское партнерство и БРИКС+: стратегическое взаимодействие и перспективы сотрудничества» в рамках VI Международного муниципального форума стран БРИКС, Москва, 28 августа 2024 года
https://mid.ru/ru/foreign_policy/news/1967101/
2024-08-29T20:02:27.029Z info: Sent message: 29.08.2024 18:14: О встрече заместителя Министра иностранных дел России С.А.Рябкова с Послом Египта в Москве Н.Нагари
https://mid.ru/ru/foreign_policy/news/1967088/
2024-08-29T20:02:27.102Z info: Sent message: 29.08.2024 18:05: О переговорах Министра иностранных дел Российской Федерации С.В.Лаврова с Министром африканской интеграции и иностранных дел Республики Сенегал Я.Фалл
https://mid.ru/ru/foreign_policy/news/1967083/
2024-08-29T20:02:27.240Z info: Sent message: 29.08.2024 17:50: Выступление и ответы на вопросы СМИ Министра иностранных дел Российской Федерации С.В.Лаврова по итогам переговоров с Министром африканской интеграции и иностранных дел Республики Сенегал Я.Фалл, Москва, 29 августа 2024 года
https://mid.ru/ru/foreign_policy/news/1967072/
2024-08-29T20:02:27.318Z info: Sent message: 29.08.2024 14:28: О вручении верительных грамот Послом Королевства Бельгия в Российской Федерации М.Р.Жеребцофф
https://mid.ru/ru/foreign_policy/news/1967020/
2024-08-29T20:02:27.421Z info: Sent message: 29.08.2024 13:55: Ответ официального представителя МИД России М.В.Захаровой на вопрос МИА «Россия сегодня» относительно мирных инициатив по Украине
https://mid.ru/ru/foreign_policy/news/1967007/
2024-08-29T20:02:27.527Z info: Sent message: 29.08.2024 12:55: Вступительное слово Министра иностранных дел Российской Федерации С.В.Лаврова в ходе переговоров с Министром африканской интеграции и иностранных дел Республики Сенегал Я.Фалл, Москва, 29 августа 2024 года
https://mid.ru/ru/foreign_policy/news/1966996/
2024-08-29T20:02:27.620Z info: Sent message: 29.08.2024 11:01: Комментарий официального представителя МИД России М.В.Захаровой в связи с очередными американскими инсинуациями по поводу иранской ядерной программы
https://mid.ru/ru/foreign_policy/news/1966982/
2024-08-29T20:02:27.709Z info: Sent message: 28.08.2024 19:40: Брифинг официального представителя МИД России М.В.Захаровой, Москва, 28 августа 2024 года
https://mid.ru/ru/foreign_policy/news/1966922/
2024-08-29T20:02:27.809Z info: Sent message: 28.08.2024 19:36: Приветствие Министра иностранных дел Российской Федерации С.В.Лаврова организаторам и участникам XI Международного аэрокосмического конгресса
https://mid.ru/ru/foreign_policy/news/1966917/
2024-08-29T20:02:27.897Z info: Sent message: 28.08.2024 19:00: Заявление МИД России в связи с введением персональных санкций против ряда граждан США
https://mid.ru/ru/foreign_policy/news/1966912/
2024-08-29T20:02:27.991Z info: Sent message: 28.08.2024 09:49: Ответ официального представителя МИД России М.В.Захаровой на вопрос МИА «Россия сегодня» относительно развертывания американских войск на Ближнем Востоке
https://mid.ru/ru/foreign_policy/news/1966809/
2024-08-29T20:02:28.085Z info: Sent message: 28.08.2024 09:40: Видеообращение Министра иностранных дел Российской Федерации С.В.Лаврова к участникам Шестого Форума молодых дипломатов в формате «БРИКС плюс», 28 августа 2024 года
https://mid.ru/ru/foreign_policy/news/1966801/
2024-08-29T20:02:28.221Z info: Sent message: 27.08.2024 18:15: О переговорах Министра иностранных дел Российской Федерации С.В.Лаврова с Министром иностранных дел и по делам экспатриантов Йеменской Республики Ш.Аз-Зиндани
https://mid.ru/ru/foreign_policy/news/1966781/
2024-08-29T20:02:28.368Z info: Sent message: 27.08.2024 18:00: Выступление и ответы на вопросы СМИ Министра иностранных дел Российской Федерации С.В.Лаврова по итогам переговоров с Министром иностранных дел и по делам экспатриантов Йеменской Республики Ш.Аз-Зиндани, Москва, 27 августа 2024 года
https://mid.ru/ru/foreign_policy/news/1966772/
2024-08-29T20:02:28.534Z info: Sent message: 27.08.2024 15:18: О встрече заместителя Министра иностранных дел Российской Федерации С.А.Рябкова с заместителем Генерального директора – руководителем Департамента гарантий Секретариата МАГАТЭ М.Апаро
https://mid.ru/ru/foreign_policy/news/1966754/
2024-08-29T20:02:28.692Z info: Sent message: 27.08.2024 13:15: Вступительное слово Министра иностранных дел Российской Федерации С.В.Лаврова в ходе переговоров с Министром иностранных дел и по делам экспатриантов Йеменской Республики Ш.Аз-Зиндани, Москва, 27 августа 2024 года
https://mid.ru/ru/foreign_policy/news/1966733/
2024-08-29T20:02:28.838Z info: Sent message: 27.08.2024 12:40: Видеообращение Министра иностранных дел Российской Федерации С.В.Лаврова к организаторам и участникам VI Международного муниципального форума стран БРИКС, 27 августа 2024 года
https://mid.ru/ru/foreign_policy/news/1966726/
2024-08-29T20:02:29.016Z info: Sent message: 26.08.2024 20:29: Комментарий официального представителя МИД России М.В.Захаровой в связи с обострением обстановки на Ближнем Востоке
https://mid.ru/ru/foreign_policy/news/1966655/
2024-08-29T20:02:29.187Z info: Sent message: 26.08.2024 19:42: О встрече заместителя Министра иностранных дел России А.Ю.Руденко с заместителем Министра иностранных дел Ирака М.Бахрульулюмом
https://mid.ru/ru/foreign_policy/news/1966650/
2024-08-29T20:02:29.189Z info: Sent 20 new items
2024-08-29T20:02:29.189Z info: Finished news check
2024-08-29T20:03:00.445Z info: Starting news check
2024-08-29T20:03:01.254Z info: Browser initialized successfully
2024-08-29T20:03:01.254Z info: Fetching page 1...
2024-08-29T20:03:05.021Z info: Found 20 news items on page 1
2024-08-29T20:03:05.269Z info: Browser closed
2024-08-29T20:03:05.270Z info: No new items found
2024-08-29T20:03:05.271Z info: Finished news check
2024-08-29T20:04:00.976Z info: Starting news check
2024-08-29T20:04:02.392Z info: Browser initialized successfully
2024-08-29T20:04:02.393Z info: Fetching page 1...
2024-08-29T20:04:12.417Z info: Found 20 news items on page 1
2024-08-29T20:04:12.698Z info: Browser closed
2024-08-29T20:04:12.699Z info: No new items found
2024-08-29T20:04:12.700Z info: Finished news check
2024-08-29T20:04:17.050Z info: Bot is shutting down
2024-08-29T20:04:36.401Z info: Bot started and scheduled to check news every minute
2024-08-29T20:04:36.406Z info: Starting news check
2024-08-29T20:04:37.564Z info: Browser initialized successfully
2024-08-29T20:04:37.566Z info: Fetching page 1...
2024-08-29T20:04:43.523Z info: Found 20 news items on page 1
2024-08-29T20:04:43.815Z info: Browser closed
2024-08-29T20:04:43.816Z info: All news are up-to-date. No new items to send.
2024-08-29T20:04:43.816Z info: Total stored news items: 20
2024-08-29T20:04:43.817Z info: Finished news check
2024-08-29T20:04:53.148Z info: Bot is shutting down
2024-08-29T20:05:00.477Z info: Bot started and scheduled to check news every minute
2024-08-29T20:05:00.479Z info: Starting news check
2024-08-29T20:05:01.333Z info: Browser initialized successfully
2024-08-29T20:05:01.334Z info: Fetching page 1...
2024-08-29T20:05:05.261Z info: Found 20 news items on page 1
2024-08-29T20:05:05.510Z info: Browser closed
2024-08-29T20:05:05.767Z info: Sent message: 29.08.2024 19:30: Выступление Директора Департамента экономического сотрудничества МИД России Д.А.Биричевского на сессии «Большое Евразийское партнерство и БРИКС+: стратегическое взаимодействие и перспективы сотрудничества» в рамках VI Международного муниципального форума стран БРИКС, Москва, 28 августа 2024 года
https://mid.ru/ru/foreign_policy/news/1967101/
2024-08-29T20:05:05.843Z info: Sent message: 29.08.2024 18:14: О встрече заместителя Министра иностранных дел России С.А.Рябкова с Послом Египта в Москве Н.Нагари
https://mid.ru/ru/foreign_policy/news/1967088/
2024-08-29T20:05:05.938Z info: Sent message: 29.08.2024 18:05: О переговорах Министра иностранных дел Российской Федерации С.В.Лаврова с Министром африканской интеграции и иностранных дел Республики Сенегал Я.Фалл
https://mid.ru/ru/foreign_policy/news/1967083/
2024-08-29T20:05:06.038Z info: Sent message: 29.08.2024 17:50: Выступление и ответы на вопросы СМИ Министра иностранных дел Российской Федерации С.В.Лаврова по итогам переговоров с Министром африканской интеграции и иностранных дел Республики Сенегал Я.Фалл, Москва, 29 августа 2024 года
https://mid.ru/ru/foreign_policy/news/1967072/
2024-08-29T20:05:06.134Z info: Sent message: 29.08.2024 14:28: О вручении верительных грамот Послом Королевства Бельгия в Российской Федерации М.Р.Жеребцофф
https://mid.ru/ru/foreign_policy/news/1967020/
2024-08-29T20:05:06.221Z info: Sent message: 29.08.2024 13:55: Ответ официального представителя МИД России М.В.Захаровой на вопрос МИА «Россия сегодня» относительно мирных инициатив по Украине
https://mid.ru/ru/foreign_policy/news/1967007/
2024-08-29T20:05:06.302Z info: Sent message: 29.08.2024 12:55: Вступительное слово Министра иностранных дел Российской Федерации С.В.Лаврова в ходе переговоров с Министром африканской интеграции и иностранных дел Республики Сенегал Я.Фалл, Москва, 29 августа 2024 года
https://mid.ru/ru/foreign_policy/news/1966996/
2024-08-29T20:05:06.375Z info: Sent message: 29.08.2024 11:01: Комментарий официального представителя МИД России М.В.Захаровой в связи с очередными американскими инсинуациями по поводу иранской ядерной программы
https://mid.ru/ru/foreign_policy/news/1966982/
2024-08-29T20:05:06.452Z info: Sent message: 28.08.2024 19:40: Брифинг официального представителя МИД России М.В.Захаровой, Москва, 28 августа 2024 года
https://mid.ru/ru/foreign_policy/news/1966922/
2024-08-29T20:05:06.549Z info: Sent message: 28.08.2024 19:36: Приветствие Министра иностранных дел Российской Федерации С.В.Лаврова организаторам и участникам XI Международного аэрокосмического конгресса
https://mid.ru/ru/foreign_policy/news/1966917/
2024-08-29T20:05:06.664Z info: Sent message: 28.08.2024 19:00: Заявление МИД России в связи с введением персональных санкций против ряда граждан США
https://mid.ru/ru/foreign_policy/news/1966912/
2024-08-29T20:05:06.760Z info: Sent message: 28.08.2024 09:49: Ответ официального представителя МИД России М.В.Захаровой на вопрос МИА «Россия сегодня» относительно развертывания американских войск на Ближнем Востоке
https://mid.ru/ru/foreign_policy/news/1966809/
2024-08-29T20:05:06.836Z info: Sent message: 28.08.2024 09:40: Видеообращение Министра иностранных дел Российской Федерации С.В.Лаврова к участникам Шестого Форума молодых дипломатов в формате «БРИКС плюс», 28 августа 2024 года
https://mid.ru/ru/foreign_policy/news/1966801/
2024-08-29T20:05:06.941Z info: Sent message: 27.08.2024 18:15: О переговорах Министра иностранных дел Российской Федерации С.В.Лаврова с Министром иностранных дел и по делам экспатриантов Йеменской Республики Ш.Аз-Зиндани
https://mid.ru/ru/foreign_policy/news/1966781/
2024-08-29T20:05:07.023Z info: Sent message: 27.08.2024 18:00: Выступление и ответы на вопросы СМИ Министра иностранных дел Российской Федерации С.В.Лаврова по итогам переговоров с Министром иностранных дел и по делам экспатриантов Йеменской Республики Ш.Аз-Зиндани, Москва, 27 августа 2024 года
https://mid.ru/ru/foreign_policy/news/1966772/
2024-08-29T20:05:07.099Z info: Sent message: 27.08.2024 15:18: О встрече заместителя Министра иностранных дел Российской Федерации С.А.Рябкова с заместителем Генерального директора – руководителем Департамента гарантий Секретариата МАГАТЭ М.Апаро
https://mid.ru/ru/foreign_policy/news/1966754/
2024-08-29T20:05:07.187Z info: Sent message: 27.08.2024 13:15: Вступительное слово Министра иностранных дел Российской Федерации С.В.Лаврова в ходе переговоров с Министром иностранных дел и по делам экспатриантов Йеменской Республики Ш.Аз-Зиндани, Москва, 27 августа 2024 года
https://mid.ru/ru/foreign_policy/news/1966733/
2024-08-29T20:05:07.278Z info: Sent message: 27.08.2024 12:40: Видеообращение Министра иностранных дел Российской Федерации С.В.Лаврова к организаторам и участникам VI Международного муниципального форума стран БРИКС, 27 августа 2024 года
https://mid.ru/ru/foreign_policy/news/1966726/
2024-08-29T20:05:07.362Z info: Sent message: 26.08.2024 20:29: Комментарий официального представителя МИД России М.В.Захаровой в связи с обострением обстановки на Ближнем Востоке
https://mid.ru/ru/foreign_policy/news/1966655/
2024-08-29T20:05:07.440Z info: Sent message: 26.08.2024 19:42: О встрече заместителя Министра иностранных дел России А.Ю.Руденко с заместителем Министра иностранных дел Ирака М.Бахрульулюмом
https://mid.ru/ru/foreign_policy/news/1966650/
2024-08-29T20:05:07.448Z info: Sent 20 new item(s)
2024-08-29T20:05:07.449Z info: Total stored news items: 20
2024-08-29T20:05:07.449Z info: Finished news check
2024-08-29T20:06:00.035Z info: Starting news check
2024-08-29T20:06:00.712Z info: Browser initialized successfully
2024-08-29T20:06:00.713Z info: Fetching page 1...
2024-08-29T20:06:06.283Z info: Found 20 news items on page 1
2024-08-29T20:06:06.522Z info: Browser closed
2024-08-29T20:06:06.522Z info: All news are up-to-date. No new items to send.
2024-08-29T20:06:06.523Z info: Total stored news items: 20
2024-08-29T20:06:06.523Z info: Finished news check
2024-08-29T20:06:28.420Z info: Bot is shutting down
2024-08-29T20:08:04.148Z info: Bot started and scheduled to check news every minute
2024-08-29T20:08:04.150Z info: Starting news check
2024-08-29T20:08:05.298Z info: Browser initialized successfully
2024-08-29T20:08:05.299Z info: Fetching page 1...
2024-08-29T20:08:10.048Z info: Found 20 news items on page 1
2024-08-29T20:08:10.393Z info: Browser closed
2024-08-29T20:08:10.713Z info: Sent message: 29.08.2024 19:30: Выступление Директора Департамента экономического сотрудничества МИД России Д.А.Биричевского на сессии «Большое Евразийское партнерство и БРИКС+: стратегическое взаимодействие и перспективы сотрудничества» в рамках VI Международного муниципального форума стран БРИКС, Москва, 28 августа 2024 года
https://mid.ru/ru/foreign_policy/news/1967101/
2024-08-29T20:08:10.836Z info: Sent message: 29.08.2024 18:14: О встрече заместителя Министра иностранных дел России С.А.Рябкова с Послом Египта в Москве Н.Нагари
https://mid.ru/ru/foreign_policy/news/1967088/
2024-08-29T20:08:10.982Z info: Sent message: 29.08.2024 18:05: О переговорах Министра иностранных дел Российской Федерации С.В.Лаврова с Министром африканской интеграции и иностранных дел Республики Сенегал Я.Фалл
https://mid.ru/ru/foreign_policy/news/1967083/
2024-08-29T20:08:11.169Z info: Sent message: 29.08.2024 17:50: Выступление и ответы на вопросы СМИ Министра иностранных дел Российской Федерации С.В.Лаврова по итогам переговоров с Министром африканской интеграции и иностранных дел Республики Сенегал Я.Фалл, Москва, 29 августа 2024 года
https://mid.ru/ru/foreign_policy/news/1967072/
2024-08-29T20:08:11.400Z info: Sent message: 29.08.2024 14:28: О вручении верительных грамот Послом Королевства Бельгия в Российской Федерации М.Р.Жеребцофф
https://mid.ru/ru/foreign_policy/news/1967020/
2024-08-29T20:08:11.592Z info: Sent message: 29.08.2024 13:55: Ответ официального представителя МИД России М.В.Захаровой на вопрос МИА «Россия сегодня» относительно мирных инициатив по Украине
https://mid.ru/ru/foreign_policy/news/1967007/
2024-08-29T20:08:11.751Z info: Sent message: 29.08.2024 12:55: Вступительное слово Министра иностранных дел Российской Федерации С.В.Лаврова в ходе переговоров с Министром африканской интеграции и иностранных дел Республики Сенегал Я.Фалл, Москва, 29 августа 2024 года
https://mid.ru/ru/foreign_policy/news/1966996/
2024-08-29T20:08:11.887Z info: Sent message: 29.08.2024 11:01: Комментарий официального представителя МИД России М.В.Захаровой в связи с очередными американскими инсинуациями по поводу иранской ядерной программы
https://mid.ru/ru/foreign_policy/news/1966982/
2024-08-29T20:08:11.989Z info: Sent message: 28.08.2024 19:40: Брифинг официального представителя МИД России М.В.Захаровой, Москва, 28 августа 2024 года
https://mid.ru/ru/foreign_policy/news/1966922/
2024-08-29T20:08:12.080Z info: Sent message: 28.08.2024 19:36: Приветствие Министра иностранных дел Российской Федерации С.В.Лаврова организаторам и участникам XI Международного аэрокосмического конгресса
https://mid.ru/ru/foreign_policy/news/1966917/
2024-08-29T20:08:12.186Z info: Sent message: 28.08.2024 19:00: Заявление МИД России в связи с введением персональных санкций против ряда граждан США
https://mid.ru/ru/foreign_policy/news/1966912/
2024-08-29T20:08:12.298Z info: Sent message: 28.08.2024 09:49: Ответ официального представителя МИД России М.В.Захаровой на вопрос МИА «Россия сегодня» относительно развертывания американских войск на Ближнем Востоке
https://mid.ru/ru/foreign_policy/news/1966809/
2024-08-29T20:08:12.400Z info: Sent message: 28.08.2024 09:40: Видеообращение Министра иностранных дел Российской Федерации С.В.Лаврова к участникам Шестого Форума молодых дипломатов в формате «БРИКС плюс», 28 августа 2024 года
https://mid.ru/ru/foreign_policy/news/1966801/
2024-08-29T20:08:12.492Z info: Sent message: 27.08.2024 18:15: О переговорах Министра иностранных дел Российской Федерации С.В.Лаврова с Министром иностранных дел и по делам экспатриантов Йеменской Республики Ш.Аз-Зиндани
https://mid.ru/ru/foreign_policy/news/1966781/
2024-08-29T20:08:12.585Z info: Sent message: 27.08.2024 18:00: Выступление и ответы на вопросы СМИ Министра иностранных дел Российской Федерации С.В.Лаврова по итогам переговоров с Министром иностранных дел и по делам экспатриантов Йеменской Республики Ш.Аз-Зиндани, Москва, 27 августа 2024 года
https://mid.ru/ru/foreign_policy/news/1966772/
2024-08-29T20:08:12.669Z info: Sent message: 27.08.2024 15:18: О встрече заместителя Министра иностранных дел Российской Федерации С.А.Рябкова с заместителем Генерального директора – руководителем Департамента гарантий Секретариата МАГАТЭ М.Апаро
https://mid.ru/ru/foreign_policy/news/1966754/
2024-08-29T20:08:12.759Z info: Sent message: 27.08.2024 13:15: Вступительное слово Министра иностранных дел Российской Федерации С.В.Лаврова в ходе переговоров с Министром иностранных дел и по делам экспатриантов Йеменской Республики Ш.Аз-Зиндани, Москва, 27 августа 2024 года
https://mid.ru/ru/foreign_policy/news/1966733/
2024-08-29T20:08:12.848Z info: Sent message: 27.08.2024 12:40: Видеообращение Министра иностранных дел Российской Федерации С.В.Лаврова к организаторам и участникам VI Международного муниципального форума стран БРИКС, 27 августа 2024 года
https://mid.ru/ru/foreign_policy/news/1966726/
2024-08-29T20:08:12.932Z info: Sent message: 26.08.2024 20:29: Комментарий официального представителя МИД России М.В.Захаровой в связи с обострением обстановки на Ближнем Востоке
https://mid.ru/ru/foreign_policy/news/1966655/
2024-08-29T20:08:13.015Z info: Sent message: 26.08.2024 19:42: О встрече заместителя Министра иностранных дел России А.Ю.Руденко с заместителем Министра иностранных дел Ирака М.Бахрульулюмом
https://mid.ru/ru/foreign_policy/news/1966650/
2024-08-29T20:08:13.017Z info: Sent 20 new item(s)
2024-08-29T20:08:13.017Z info: Total stored news items: 20
2024-08-29T20:08:13.017Z info: Finished news check
2024-08-29T20:09:00.672Z info: Starting news check
2024-08-29T20:09:01.535Z info: Browser initialized successfully
2024-08-29T20:09:01.535Z info: Fetching page 1...
2024-08-29T20:09:06.914Z info: Found 20 news items on page 1
2024-08-29T20:09:07.231Z info: Browser closed
2024-08-29T20:09:07.233Z info: All news are up-to-date. No new items to send.
2024-08-29T20:09:07.234Z info: Total stored news items: 20
2024-08-29T20:09:07.234Z info: Finished news check
2024-08-29T20:09:14.587Z info: Bot is shutting down
2024-08-29T20:09:54.294Z info: Bot started and scheduled to check news every minute
2024-08-29T20:09:54.297Z info: Starting news check
2024-08-29T20:09:55.449Z info: Browser initialized successfully
2024-08-29T20:09:55.451Z info: Fetching page 1...
2024-08-29T20:10:00.355Z info: Starting news check
2024-08-29T20:10:01.121Z info: Browser initialized successfully
2024-08-29T20:10:01.124Z info: Fetching page 1...
2024-08-29T20:10:02.098Z info: Found 20 news items on page 1
2024-08-29T20:10:02.465Z info: Browser closed
2024-08-29T20:10:02.935Z info: Sent message: 29.08.2024 19:30: Выступление Директора Департамента экономического сотрудничества МИД России Д.А.Биричевского на сессии «Большое Евразийское партнерство и БРИКС+: стратегическое взаимодействие и перспективы сотрудничества» в рамках VI Международного муниципального форума стран БРИКС, Москва, 28 августа 2024 года
https://mid.ru/ru/foreign_policy/news/1967101/
2024-08-29T20:10:03.196Z info: Sent message: 29.08.2024 18:14: О встрече заместителя Министра иностранных дел России С.А.Рябкова с Послом Египта в Москве Н.Нагари
https://mid.ru/ru/foreign_policy/news/1967088/
2024-08-29T20:10:03.474Z info: Sent message: 29.08.2024 18:05: О переговорах Министра иностранных дел Российской Федерации С.В.Лаврова с Министром африканской интеграции и иностранных дел Республики Сенегал Я.Фалл
https://mid.ru/ru/foreign_policy/news/1967083/
2024-08-29T20:10:03.633Z info: Sent message: 29.08.2024 17:50: Выступление и ответы на вопросы СМИ Министра иностранных дел Российской Федерации С.В.Лаврова по итогам переговоров с Министром африканской интеграции и иностранных дел Республики Сенегал Я.Фалл, Москва, 29 августа 2024 года
https://mid.ru/ru/foreign_policy/news/1967072/
2024-08-29T20:10:03.708Z info: Sent message: 29.08.2024 14:28: О вручении верительных грамот Послом Королевства Бельгия в Российской Федерации М.Р.Жеребцофф
https://mid.ru/ru/foreign_policy/news/1967020/
2024-08-29T20:10:03.819Z info: Sent message: 29.08.2024 13:55: Ответ официального представителя МИД России М.В.Захаровой на вопрос МИА «Россия сегодня» относительно мирных инициатив по Украине
https://mid.ru/ru/foreign_policy/news/1967007/
2024-08-29T20:10:03.912Z info: Sent message: 29.08.2024 12:55: Вступительное слово Министра иностранных дел Российской Федерации С.В.Лаврова в ходе переговоров с Министром африканской интеграции и иностранных дел Республики Сенегал Я.Фалл, Москва, 29 августа 2024 года
https://mid.ru/ru/foreign_policy/news/1966996/
2024-08-29T20:10:03.990Z info: Sent message: 29.08.2024 11:01: Комментарий официального представителя МИД России М.В.Захаровой в связи с очередными американскими инсинуациями по поводу иранской ядерной программы
https://mid.ru/ru/foreign_policy/news/1966982/
2024-08-29T20:10:04.076Z info: Sent message: 28.08.2024 19:40: Брифинг официального представителя МИД России М.В.Захаровой, Москва, 28 августа 2024 года
https://mid.ru/ru/foreign_policy/news/1966922/
2024-08-29T20:10:04.187Z info: Sent message: 28.08.2024 19:36: Приветствие Министра иностранных дел Российской Федерации С.В.Лаврова организаторам и участникам XI Международного аэрокосмического конгресса
https://mid.ru/ru/foreign_policy/news/1966917/
2024-08-29T20:10:04.268Z info: Sent message: 28.08.2024 19:00: Заявление МИД России в связи с введением персональных санкций против ряда граждан США
https://mid.ru/ru/foreign_policy/news/1966912/
2024-08-29T20:10:04.350Z info: Sent message: 28.08.2024 09:49: Ответ официального представителя МИД России М.В.Захаровой на вопрос МИА «Россия сегодня» относительно развертывания американских войск на Ближнем Востоке
https://mid.ru/ru/foreign_policy/news/1966809/
2024-08-29T20:10:04.426Z info: Sent message: 28.08.2024 09:40: Видеообращение Министра иностранных дел Российской Федерации С.В.Лаврова к участникам Шестого Форума молодых дипломатов в формате «БРИКС плюс», 28 августа 2024 года
https://mid.ru/ru/foreign_policy/news/1966801/
2024-08-29T20:10:04.526Z info: Sent message: 27.08.2024 18:15: О переговорах Министра иностранных дел Российской Федерации С.В.Лаврова с Министром иностранных дел и по делам экспатриантов Йеменской Республики Ш.Аз-Зиндани
https://mid.ru/ru/foreign_policy/news/1966781/
2024-08-29T20:10:04.627Z info: Sent message: 27.08.2024 18:00: Выступление и ответы на вопросы СМИ Министра иностранных дел Российской Федерации С.В.Лаврова по итогам переговоров с Министром иностранных дел и по делам экспатриантов Йеменской Республики Ш.Аз-Зиндани, Москва, 27 августа 2024 года
https://mid.ru/ru/foreign_policy/news/1966772/
2024-08-29T20:10:04.713Z info: Sent message: 27.08.2024 15:18: О встрече заместителя Министра иностранных дел Российской Федерации С.А.Рябкова с заместителем Генерального директора – руководителем Департамента гарантий Секретариата МАГАТЭ М.Апаро
https://mid.ru/ru/foreign_policy/news/1966754/
2024-08-29T20:10:04.799Z info: Sent message: 27.08.2024 13:15: Вступительное слово Министра иностранных дел Российской Федерации С.В.Лаврова в ходе переговоров с Министром иностранных дел и по делам экспатриантов Йеменской Республики Ш.Аз-Зиндани, Москва, 27 августа 2024 года
https://mid.ru/ru/foreign_policy/news/1966733/
2024-08-29T20:10:04.886Z info: Sent message: 27.08.2024 12:40: Видеообращение Министра иностранных дел Российской Федерации С.В.Лаврова к организаторам и участникам VI Международного муниципального форума стран БРИКС, 27 августа 2024 года
https://mid.ru/ru/foreign_policy/news/1966726/
2024-08-29T20:10:04.963Z info: Sent message: 26.08.2024 20:29: Комментарий официального представителя МИД России М.В.Захаровой в связи с обострением обстановки на Ближнем Востоке
https://mid.ru/ru/foreign_policy/news/1966655/
2024-08-29T20:10:05.050Z info: Sent message: 26.08.2024 19:42: О встрече заместителя Министра иностранных дел России А.Ю.Руденко с заместителем Министра иностранных дел Ирака М.Бахрульулюмом
https://mid.ru/ru/foreign_policy/news/1966650/
2024-08-29T20:10:05.052Z info: Sent 20 new item(s)
2024-08-29T20:10:05.052Z info: Total stored news items: 20
2024-08-29T20:10:05.053Z info: Finished news check
2024-08-29T20:10:11.906Z warn: Timeout waiting for .announce.announce_articles
2024-08-29T20:10:22.295Z error: Error fetching content from page 1: Execution context was destroyed, most likely because of a navigation.
2024-08-29T20:10:22.296Z error: Error fetching news: Failed to fetch content from page 1
2024-08-29T20:10:22.296Z info: All news are up-to-date. No new items to send.
2024-08-29T20:10:22.296Z info: Total stored news items: 0
2024-08-29T20:10:22.297Z info: Finished news check
2024-08-29T20:10:44.500Z info: Bot is shutting down
2024-08-29T20:11:09.065Z info: Bot started and scheduled to check news every minute
2024-08-29T20:11:09.068Z info: Starting news check
2024-08-29T20:11:10.124Z info: Browser initialized successfully
2024-08-29T20:11:10.125Z info: Fetching page 1...
2024-08-29T20:11:14.737Z info: Found 20 news items on page 1
2024-08-29T20:11:15.057Z info: Browser closed
2024-08-29T20:11:15.336Z info: Sent message: 29.08.2024 19:30: Выступление Директора Департамента экономического сотрудничества МИД России Д.А.Биричевского на сессии «Большое Евразийское партнерство и БРИКС+: стратегическое взаимодействие и перспективы сотрудничества» в рамках VI Международного муниципального форума стран БРИКС, Москва, 28 августа 2024 года
https://mid.ru/ru/foreign_policy/news/1967101/
2024-08-29T20:11:15.418Z info: Sent message: 29.08.2024 18:14: О встрече заместителя Министра иностранных дел России С.А.Рябкова с Послом Египта в Москве Н.Нагари
https://mid.ru/ru/foreign_policy/news/1967088/
2024-08-29T20:11:15.501Z info: Sent message: 29.08.2024 18:05: О переговорах Министра иностранных дел Российской Федерации С.В.Лаврова с Министром африканской интеграции и иностранных дел Республики Сенегал Я.Фалл
https://mid.ru/ru/foreign_policy/news/1967083/
2024-08-29T20:11:15.615Z info: Sent message: 29.08.2024 17:50: Выступление и ответы на вопросы СМИ Министра иностранных дел Российской Федерации С.В.Лаврова по итогам переговоров с Министром африканской интеграции и иностранных дел Республики Сенегал Я.Фалл, Москва, 29 августа 2024 года
https://mid.ru/ru/foreign_policy/news/1967072/
2024-08-29T20:11:15.731Z info: Sent message: 29.08.2024 14:28: О вручении верительных грамот Послом Королевства Бельгия в Российской Федерации М.Р.Жеребцофф
https://mid.ru/ru/foreign_policy/news/1967020/
2024-08-29T20:11:15.873Z info: Sent message: 29.08.2024 13:55: Ответ официального представителя МИД России М.В.Захаровой на вопрос МИА «Россия сегодня» относительно мирных инициатив по Украине
https://mid.ru/ru/foreign_policy/news/1967007/
2024-08-29T20:11:16.005Z info: Sent message: 29.08.2024 12:55: Вступительное слово Министра иностранных дел Российской Федерации С.В.Лаврова в ходе переговоров с Министром африканской интеграции и иностранных дел Республики Сенегал Я.Фалл, Москва, 29 августа 2024 года
https://mid.ru/ru/foreign_policy/news/1966996/
2024-08-29T20:11:16.144Z info: Sent message: 29.08.2024 11:01: Комментарий официального представителя МИД России М.В.Захаровой в связи с очередными американскими инсинуациями по поводу иранской ядерной программы
https://mid.ru/ru/foreign_policy/news/1966982/
2024-08-29T20:11:16.276Z info: Sent message: 28.08.2024 19:40: Брифинг официального представителя МИД России М.В.Захаровой, Москва, 28 августа 2024 года
https://mid.ru/ru/foreign_policy/news/1966922/
2024-08-29T20:11:16.406Z info: Sent message: 28.08.2024 19:36: Приветствие Министра иностранных дел Российской Федерации С.В.Лаврова организаторам и участникам XI Международного аэрокосмического конгресса
https://mid.ru/ru/foreign_policy/news/1966917/
2024-08-29T20:11:16.566Z info: Sent message: 28.08.2024 19:00: Заявление МИД России в связи с введением персональных санкций против ряда граждан США
https://mid.ru/ru/foreign_policy/news/1966912/
2024-08-29T20:11:16.732Z info: Sent message: 28.08.2024 09:49: Ответ официального представителя МИД России М.В.Захаровой на вопрос МИА «Россия сегодня» относительно развертывания американских войск на Ближнем Востоке
https://mid.ru/ru/foreign_policy/news/1966809/
2024-08-29T20:11:16.892Z info: Sent message: 28.08.2024 09:40: Видеообращение Министра иностранных дел Российской Федерации С.В.Лаврова к участникам Шестого Форума молодых дипломатов в формате «БРИКС плюс», 28 августа 2024 года
https://mid.ru/ru/foreign_policy/news/1966801/
2024-08-29T20:11:17.143Z info: Sent message: 27.08.2024 18:15: О переговорах Министра иностранных дел Российской Федерации С.В.Лаврова с Министром иностранных дел и по делам экспатриантов Йеменской Республики Ш.Аз-Зиндани
https://mid.ru/ru/foreign_policy/news/1966781/
2024-08-29T20:11:17.332Z info: Sent message: 27.08.2024 18:00: Выступление и ответы на вопросы СМИ Министра иностранных дел Российской Федерации С.В.Лаврова по итогам переговоров с Министром иностранных дел и по делам экспатриантов Йеменской Республики Ш.Аз-Зиндани, Москва, 27 августа 2024 года
https://mid.ru/ru/foreign_policy/news/1966772/
2024-08-29T20:11:17.520Z info: Sent message: 27.08.2024 15:18: О встрече заместителя Министра иностранных дел Российской Федерации С.А.Рябкова с заместителем Генерального директора – руководителем Департамента гарантий Секретариата МАГАТЭ М.Апаро
https://mid.ru/ru/foreign_policy/news/1966754/
2024-08-29T20:11:17.701Z info: Sent message: 27.08.2024 13:15: Вступительное слово Министра иностранных дел Российской Федерации С.В.Лаврова в ходе переговоров с Министром иностранных дел и по делам экспатриантов Йеменской Республики Ш.Аз-Зиндани, Москва, 27 августа 2024 года
https://mid.ru/ru/foreign_policy/news/1966733/
2024-08-29T20:11:17.860Z info: Sent message: 27.08.2024 12:40: Видеообращение Министра иностранных дел Российской Федерации С.В.Лаврова к организаторам и участникам VI Международного муниципального форума стран БРИКС, 27 августа 2024 года
https://mid.ru/ru/foreign_policy/news/1966726/
2024-08-29T20:11:17.994Z info: Sent message: 26.08.2024 20:29: Комментарий официального представителя МИД России М.В.Захаровой в связи с обострением обстановки на Ближнем Востоке
https://mid.ru/ru/foreign_policy/news/1966655/
2024-08-29T20:11:18.091Z info: Sent message: 26.08.2024 19:42: О встрече заместителя Министра иностранных дел России А.Ю.Руденко с заместителем Министра иностранных дел Ирака М.Бахрульулюмом
https://mid.ru/ru/foreign_policy/news/1966650/
2024-08-29T20:11:18.093Z info: Sent 20 new item(s)
2024-08-29T20:11:18.093Z info: Total stored news items: 20
2024-08-29T20:11:18.093Z info: Finished news check
2024-08-29T20:12:00.582Z info: Starting news check
2024-08-29T20:12:01.329Z info: Browser initialized successfully
2024-08-29T20:12:01.330Z info: Fetching page 1...
2024-08-29T20:12:11.712Z warn: Timeout waiting for .announce.announce_articles
2024-08-29T20:12:11.752Z info: Found 0 news items on page 1
2024-08-29T20:12:12.013Z info: Browser closed
2024-08-29T20:12:12.016Z info: All news are up-to-date. No new items to send.
2024-08-29T20:12:12.017Z info: Total stored news items: 20
2024-08-29T20:12:12.018Z info: Finished news check
2024-08-29T20:12:27.200Z info: Bot is shutting down
2024-08-29T20:12:48.055Z info: Bot started and scheduled to check news every minute
2024-08-29T20:12:48.057Z info: Starting news check
2024-08-29T20:12:48.973Z info: Browser initialized successfully
2024-08-29T20:12:48.974Z info: Fetching page 1...
2024-08-29T20:12:53.837Z info: Found 20 news items on page 1
2024-08-29T20:12:54.175Z info: Browser closed
2024-08-29T20:12:54.412Z info: Sent message: 29.08.2024 19:30: Выступление Директора Департамента экономического сотрудничества МИД России Д.А.Биричевского на сессии «Большое Евразийское партнерство и БРИКС+: стратегическое взаимодействие и перспективы сотрудничества» в рамках VI Международного муниципального форума стран БРИКС, Москва, 28 августа 2024 года
https://mid.ru/ru/foreign_policy/news/1967101/
2024-08-29T20:12:54.488Z info: Sent message: 29.08.2024 18:14: О встрече заместителя Министра иностранных дел России С.А.Рябкова с Послом Египта в Москве Н.Нагари
https://mid.ru/ru/foreign_policy/news/1967088/
2024-08-29T20:12:54.570Z info: Sent message: 29.08.2024 18:05: О переговорах Министра иностранных дел Российской Федерации С.В.Лаврова с Министром африканской интеграции и иностранных дел Республики Сенегал Я.Фалл
https://mid.ru/ru/foreign_policy/news/1967083/
2024-08-29T20:12:54.664Z info: Sent message: 29.08.2024 17:50: Выступление и ответы на вопросы СМИ Министра иностранных дел Российской Федерации С.В.Лаврова по итогам переговоров с Министром африканской интеграции и иностранных дел Республики Сенегал Я.Фалл, Москва, 29 августа 2024 года
https://mid.ru/ru/foreign_policy/news/1967072/
2024-08-29T20:12:54.743Z info: Sent message: 29.08.2024 14:28: О вручении верительных грамот Послом Королевства Бельгия в Российской Федерации М.Р.Жеребцофф
https://mid.ru/ru/foreign_policy/news/1967020/
2024-08-29T20:12:54.819Z info: Sent message: 29.08.2024 13:55: Ответ официального представителя МИД России М.В.Захаровой на вопрос МИА «Россия сегодня» относительно мирных инициатив по Украине
https://mid.ru/ru/foreign_policy/news/1967007/
2024-08-29T20:12:54.902Z info: Sent message: 29.08.2024 12:55: Вступительное слово Министра иностранных дел Российской Федерации С.В.Лаврова в ходе переговоров с Министром африканской интеграции и иностранных дел Республики Сенегал Я.Фалл, Москва, 29 августа 2024 года
https://mid.ru/ru/foreign_policy/news/1966996/
2024-08-29T20:12:54.975Z info: Sent message: 29.08.2024 11:01: Комментарий официального представителя МИД России М.В.Захаровой в связи с очередными американскими инсинуациями по поводу иранской ядерной программы
https://mid.ru/ru/foreign_policy/news/1966982/
2024-08-29T20:12:55.054Z info: Sent message: 28.08.2024 19:40: Брифинг официального представителя МИД России М.В.Захаровой, Москва, 28 августа 2024 года
https://mid.ru/ru/foreign_policy/news/1966922/
2024-08-29T20:12:55.141Z info: Sent message: 28.08.2024 19:36: Приветствие Министра иностранных дел Российской Федерации С.В.Лаврова организаторам и участникам XI Международного аэрокосмического конгресса
https://mid.ru/ru/foreign_policy/news/1966917/
2024-08-29T20:12:55.215Z info: Sent message: 28.08.2024 19:00: Заявление МИД России в связи с введением персональных санкций против ряда граждан США
https://mid.ru/ru/foreign_policy/news/1966912/
2024-08-29T20:12:55.288Z info: Sent message: 28.08.2024 09:49: Ответ официального представителя МИД России М.В.Захаровой на вопрос МИА «Россия сегодня» относительно развертывания американских войск на Ближнем Востоке
https://mid.ru/ru/foreign_policy/news/1966809/
2024-08-29T20:12:55.386Z info: Sent message: 28.08.2024 09:40: Видеообращение Министра иностранных дел Российской Федерации С.В.Лаврова к участникам Шестого Форума молодых дипломатов в формате «БРИКС плюс», 28 августа 2024 года
https://mid.ru/ru/foreign_policy/news/1966801/
2024-08-29T20:12:55.460Z info: Sent message: 27.08.2024 18:15: О переговорах Министра иностранных дел Российской Федерации С.В.Лаврова с Министром иностранных дел и по делам экспатриантов Йеменской Республики Ш.Аз-Зиндани
https://mid.ru/ru/foreign_policy/news/1966781/
2024-08-29T20:12:55.537Z info: Sent message: 27.08.2024 18:00: Выступление и ответы на вопросы СМИ Министра иностранных дел Российской Федерации С.В.Лаврова по итогам переговоров с Министром иностранных дел и по делам экспатриантов Йеменской Республики Ш.Аз-Зиндани, Москва, 27 августа 2024 года
https://mid.ru/ru/foreign_policy/news/1966772/
2024-08-29T20:12:55.615Z info: Sent message: 27.08.2024 15:18: О встрече заместителя Министра иностранных дел Российской Федерации С.А.Рябкова с заместителем Генерального директора – руководителем Департамента гарантий Секретариата МАГАТЭ М.Апаро
https://mid.ru/ru/foreign_policy/news/1966754/
2024-08-29T20:12:55.698Z info: Sent message: 27.08.2024 13:15: Вступительное слово Министра иностранных дел Российской Федерации С.В.Лаврова в ходе переговоров с Министром иностранных дел и по делам экспатриантов Йеменской Республики Ш.Аз-Зиндани, Москва, 27 августа 2024 года
https://mid.ru/ru/foreign_policy/news/1966733/
2024-08-29T20:12:55.787Z info: Sent message: 27.08.2024 12:40: Видеообращение Министра иностранных дел Российской Федерации С.В.Лаврова к организаторам и участникам VI Международного муниципального форума стран БРИКС, 27 августа 2024 года
https://mid.ru/ru/foreign_policy/news/1966726/
2024-08-29T20:12:55.880Z info: Sent message: 26.08.2024 20:29: Комментарий официального представителя МИД России М.В.Захаровой в связи с обострением обстановки на Ближнем Востоке
https://mid.ru/ru/foreign_policy/news/1966655/
2024-08-29T20:12:55.955Z info: Sent message: 26.08.2024 19:42: О встрече заместителя Министра иностранных дел России А.Ю.Руденко с заместителем Министра иностранных дел Ирака М.Бахрульулюмом
https://mid.ru/ru/foreign_policy/news/1966650/
2024-08-29T20:12:55.957Z info: Sent 20 new item(s)
2024-08-29T20:12:55.957Z info: Total stored news items: 20
2024-08-29T20:12:55.957Z info: Finished news check
2024-08-29T20:13:00.152Z info: Starting news check
2024-08-29T20:13:00.910Z info: Browser initialized successfully
2024-08-29T20:13:00.911Z info: Fetching page 1...
2024-08-29T20:13:06.186Z info: Found 20 news items on page 1
2024-08-29T20:13:06.505Z info: Browser closed
2024-08-29T20:13:06.506Z info: All news are up-to-date. No new items to send.
2024-08-29T20:13:06.507Z info: Total stored news items: 20
2024-08-29T20:13:06.507Z info: Finished news check
2024-08-29T20:14:00.731Z info: Starting news check
2024-08-29T20:14:01.622Z info: Browser initialized successfully
2024-08-29T20:14:01.623Z info: Fetching page 1...
2024-08-29T20:14:06.196Z info: Found 20 news items on page 1
2024-08-29T20:14:06.513Z info: Browser closed
2024-08-29T20:14:06.515Z info: All news are up-to-date. No new items to send.
2024-08-29T20:14:06.516Z info: Total stored news items: 20
2024-08-29T20:14:06.516Z info: Finished news check
2024-08-29T20:15:00.330Z info: Starting news check
2024-08-29T20:15:01.204Z info: Browser initialized successfully
2024-08-29T20:15:01.204Z info: Fetching page 1...
2024-08-29T20:15:03.893Z info: Bot is shutting down
